[     731ms] [ERROR] Failed to load resource: the server responded with a status of 401 () @ https://share.streamlit.io/api/v2/favorited-apps:0
[     734ms] [ERROR] Failed to load resource: the server responded with a status of 401 () @ https://share.streamlit.io/api/v2/user:0
[    7114ms] [ERROR] The Content Security Policy directive 'upgrade-insecure-requests' is ignored when delivered in a report-only policy. @ https://authkit.streamlit.io/?client_id=project_01EZ8RPVCZQ40ZGBV6Y87N8V8V&redirect_uri=https%3A%2F%2Flogin.streamlit.io%2Fapi%2Fv1%2Flogin%2Fshare%2Fcallback&state=hjwHnDUQCjyH8zMYthj8LJzlVEz7WkREBeRfhZYE2BQHB_SUSkNlHlT24xrvkEYleOxRQy3m-sDQstVfrBdkj1i09LA_Pm1PNkt06OPpCVsZ-hnRiSZhrzUVk9T8QR7BD4I0WipgRwfacp3oeoBsV32MLIrcNeH7iawTCiEfZO1gm0F1gOonndA_Yhn018BqIcZCQNI5BCmKrijrGHPUx-C5c-yd6GuUNFRw7No5JbJRDhwyTqcHLJvn1HZ3Y35rLzM-2JS0G9SAkL-xALMZLp9ZlDfYwG9Zq5UzNYbSmAriZP3XG2KMM0dubFxxVNNRJjYUa4FFv7p_1w64yTa3UeQulSQdyo06gDLzwNXFhblajScaQ6S5vMfa3pBmUFzED1BluzIXxajXPHDSKF5IgnK9GLd3IdZpIlUHRPV8MdDXeiYF4j_SWJW8fQHPwg0U7LZCuw4iM_V9W60Qv8UULYDBrntV6JRXZ6BtsCD2TmA%3D&authorization_session_id=01KW4MAX148QQHZTSA5F1KPJ9T:0
[    7133ms] [INFO] Executing inline script violates the following Content Security Policy directive 'script-src 'self' 'nonce-A+nI81LbZJSCE6oYV6gzRw==' 'unsafe-inline' https://challenges.cloudflare.com'. Note that 'unsafe-inline' is ignored if either a hash or nonce value is present in the source list. The policy is report-only, so the violation has been logged but no further action has been taken. @ https://authkit.streamlit.io/?client_id=project_01EZ8RPVCZQ40ZGBV6Y87N8V8V&redirect_uri=https%3A%2F%2Flogin.streamlit.io%2Fapi%2Fv1%2Flogin%2Fshare%2Fcallback&state=hjwHnDUQCjyH8zMYthj8LJzlVEz7WkREBeRfhZYE2BQHB_SUSkNlHlT24xrvkEYleOxRQy3m-sDQstVfrBdkj1i09LA_Pm1PNkt06OPpCVsZ-hnRiSZhrzUVk9T8QR7BD4I0WipgRwfacp3oeoBsV32MLIrcNeH7iawTCiEfZO1gm0F1gOonndA_Yhn018BqIcZCQNI5BCmKrijrGHPUx-C5c-yd6GuUNFRw7No5JbJRDhwyTqcHLJvn1HZ3Y35rLzM-2JS0G9SAkL-xALMZLp9ZlDfYwG9Zq5UzNYbSmAriZP3XG2KMM0dubFxxVNNRJjYUa4FFv7p_1w64yTa3UeQulSQdyo06gDLzwNXFhblajScaQ6S5vMfa3pBmUFzED1BluzIXxajXPHDSKF5IgnK9GLd3IdZpIlUHRPV8MdDXeiYF4j_SWJW8fQHPwg0U7LZCuw4iM_V9W60Qv8UULYDBrntV6JRXZ6BtsCD2TmA%3D&authorization_session_id=01KW4MAX148QQHZTSA5F1KPJ9T:341
[    7314ms] [INFO] Executing inline script violates the following Content Security Policy directive 'script-src 'self' 'nonce-A+nI81LbZJSCE6oYV6gzRw==' 'unsafe-inline' https://challenges.cloudflare.com'. Note that 'unsafe-inline' is ignored if either a hash or nonce value is present in the source list. The policy is report-only, so the violation has been logged but no further action has been taken. @ https://authkit.streamlit.io/?client_id=project_01EZ8RPVCZQ40ZGBV6Y87N8V8V&redirect_uri=https%3A%2F%2Flogin.streamlit.io%2Fapi%2Fv1%2Flogin%2Fshare%2Fcallback&state=hjwHnDUQCjyH8zMYthj8LJzlVEz7WkREBeRfhZYE2BQHB_SUSkNlHlT24xrvkEYleOxRQy3m-sDQstVfrBdkj1i09LA_Pm1PNkt06OPpCVsZ-hnRiSZhrzUVk9T8QR7BD4I0WipgRwfacp3oeoBsV32MLIrcNeH7iawTCiEfZO1gm0F1gOonndA_Yhn018BqIcZCQNI5BCmKrijrGHPUx-C5c-yd6GuUNFRw7No5JbJRDhwyTqcHLJvn1HZ3Y35rLzM-2JS0G9SAkL-xALMZLp9ZlDfYwG9Zq5UzNYbSmAriZP3XG2KMM0dubFxxVNNRJjYUa4FFv7p_1w64yTa3UeQulSQdyo06gDLzwNXFhblajScaQ6S5vMfa3pBmUFzED1BluzIXxajXPHDSKF5IgnK9GLd3IdZpIlUHRPV8MdDXeiYF4j_SWJW8fQHPwg0U7LZCuw4iM_V9W60Qv8UULYDBrntV6JRXZ6BtsCD2TmA%3D&authorization_session_id=01KW4MAX148QQHZTSA5F1KPJ9T:341
[    7314ms] [INFO] Executing inline script violates the following Content Security Policy directive 'script-src 'self' 'nonce-A+nI81LbZJSCE6oYV6gzRw==' 'unsafe-inline' https://challenges.cloudflare.com'. Note that 'unsafe-inline' is ignored if either a hash or nonce value is present in the source list. The policy is report-only, so the violation has been logged but no further action has been taken. @ https://authkit.streamlit.io/?client_id=project_01EZ8RPVCZQ40ZGBV6Y87N8V8V&redirect_uri=https%3A%2F%2Flogin.streamlit.io%2Fapi%2Fv1%2Flogin%2Fshare%2Fcallback&state=hjwHnDUQCjyH8zMYthj8LJzlVEz7WkREBeRfhZYE2BQHB_SUSkNlHlT24xrvkEYleOxRQy3m-sDQstVfrBdkj1i09LA_Pm1PNkt06OPpCVsZ-hnRiSZhrzUVk9T8QR7BD4I0WipgRwfacp3oeoBsV32MLIrcNeH7iawTCiEfZO1gm0F1gOonndA_Yhn018BqIcZCQNI5BCmKrijrGHPUx-C5c-yd6GuUNFRw7No5JbJRDhwyTqcHLJvn1HZ3Y35rLzM-2JS0G9SAkL-xALMZLp9ZlDfYwG9Zq5UzNYbSmAriZP3XG2KMM0dubFxxVNNRJjYUa4FFv7p_1w64yTa3UeQulSQdyo06gDLzwNXFhblajScaQ6S5vMfa3pBmUFzED1BluzIXxajXPHDSKF5IgnK9GLd3IdZpIlUHRPV8MdDXeiYF4j_SWJW8fQHPwg0U7LZCuw4iM_V9W60Qv8UULYDBrntV6JRXZ6BtsCD2TmA%3D&authorization_session_id=01KW4MAX148QQHZTSA5F1KPJ9T:341
[    7314ms] [INFO] Executing inline script violates the following Content Security Policy directive 'script-src 'self' 'nonce-A+nI81LbZJSCE6oYV6gzRw==' 'unsafe-inline' https://challenges.cloudflare.com'. Note that 'unsafe-inline' is ignored if either a hash or nonce value is present in the source list. The policy is report-only, so the violation has been logged but no further action has been taken. @ https://authkit.streamlit.io/?client_id=project_01EZ8RPVCZQ40ZGBV6Y87N8V8V&redirect_uri=https%3A%2F%2Flogin.streamlit.io%2Fapi%2Fv1%2Flogin%2Fshare%2Fcallback&state=hjwHnDUQCjyH8zMYthj8LJzlVEz7WkREBeRfhZYE2BQHB_SUSkNlHlT24xrvkEYleOxRQy3m-sDQstVfrBdkj1i09LA_Pm1PNkt06OPpCVsZ-hnRiSZhrzUVk9T8QR7BD4I0WipgRwfacp3oeoBsV32MLIrcNeH7iawTCiEfZO1gm0F1gOonndA_Yhn018BqIcZCQNI5BCmKrijrGHPUx-C5c-yd6GuUNFRw7No5JbJRDhwyTqcHLJvn1HZ3Y35rLzM-2JS0G9SAkL-xALMZLp9ZlDfYwG9Zq5UzNYbSmAriZP3XG2KMM0dubFxxVNNRJjYUa4FFv7p_1w64yTa3UeQulSQdyo06gDLzwNXFhblajScaQ6S5vMfa3pBmUFzED1BluzIXxajXPHDSKF5IgnK9GLd3IdZpIlUHRPV8MdDXeiYF4j_SWJW8fQHPwg0U7LZCuw4iM_V9W60Qv8UULYDBrntV6JRXZ6BtsCD2TmA%3D&authorization_session_id=01KW4MAX148QQHZTSA5F1KPJ9T:341
[    7314ms] [INFO] Executing inline script violates the following Content Security Policy directive 'script-src 'self' 'nonce-A+nI81LbZJSCE6oYV6gzRw==' 'unsafe-inline' https://challenges.cloudflare.com'. Note that 'unsafe-inline' is ignored if either a hash or nonce value is present in the source list. The policy is report-only, so the violation has been logged but no further action has been taken. @ https://authkit.streamlit.io/?client_id=project_01EZ8RPVCZQ40ZGBV6Y87N8V8V&redirect_uri=https%3A%2F%2Flogin.streamlit.io%2Fapi%2Fv1%2Flogin%2Fshare%2Fcallback&state=hjwHnDUQCjyH8zMYthj8LJzlVEz7WkREBeRfhZYE2BQHB_SUSkNlHlT24xrvkEYleOxRQy3m-sDQstVfrBdkj1i09LA_Pm1PNkt06OPpCVsZ-hnRiSZhrzUVk9T8QR7BD4I0WipgRwfacp3oeoBsV32MLIrcNeH7iawTCiEfZO1gm0F1gOonndA_Yhn018BqIcZCQNI5BCmKrijrGHPUx-C5c-yd6GuUNFRw7No5JbJRDhwyTqcHLJvn1HZ3Y35rLzM-2JS0G9SAkL-xALMZLp9ZlDfYwG9Zq5UzNYbSmAriZP3XG2KMM0dubFxxVNNRJjYUa4FFv7p_1w64yTa3UeQulSQdyo06gDLzwNXFhblajScaQ6S5vMfa3pBmUFzED1BluzIXxajXPHDSKF5IgnK9GLd3IdZpIlUHRPV8MdDXeiYF4j_SWJW8fQHPwg0U7LZCuw4iM_V9W60Qv8UULYDBrntV6JRXZ6BtsCD2TmA%3D&authorization_session_id=01KW4MAX148QQHZTSA5F1KPJ9T:341
[    7314ms] [INFO] Executing inline script violates the following Content Security Policy directive 'script-src 'self' 'nonce-A+nI81LbZJSCE6oYV6gzRw==' 'unsafe-inline' https://challenges.cloudflare.com'. Note that 'unsafe-inline' is ignored if either a hash or nonce value is present in the source list. The policy is report-only, so the violation has been logged but no further action has been taken. @ https://authkit.streamlit.io/?client_id=project_01EZ8RPVCZQ40ZGBV6Y87N8V8V&redirect_uri=https%3A%2F%2Flogin.streamlit.io%2Fapi%2Fv1%2Flogin%2Fshare%2Fcallback&state=hjwHnDUQCjyH8zMYthj8LJzlVEz7WkREBeRfhZYE2BQHB_SUSkNlHlT24xrvkEYleOxRQy3m-sDQstVfrBdkj1i09LA_Pm1PNkt06OPpCVsZ-hnRiSZhrzUVk9T8QR7BD4I0WipgRwfacp3oeoBsV32MLIrcNeH7iawTCiEfZO1gm0F1gOonndA_Yhn018BqIcZCQNI5BCmKrijrGHPUx-C5c-yd6GuUNFRw7No5JbJRDhwyTqcHLJvn1HZ3Y35rLzM-2JS0G9SAkL-xALMZLp9ZlDfYwG9Zq5UzNYbSmAriZP3XG2KMM0dubFxxVNNRJjYUa4FFv7p_1w64yTa3UeQulSQdyo06gDLzwNXFhblajScaQ6S5vMfa3pBmUFzED1BluzIXxajXPHDSKF5IgnK9GLd3IdZpIlUHRPV8MdDXeiYF4j_SWJW8fQHPwg0U7LZCuw4iM_V9W60Qv8UULYDBrntV6JRXZ6BtsCD2TmA%3D&authorization_session_id=01KW4MAX148QQHZTSA5F1KPJ9T:341
[    7319ms] [ERROR] The Content Security Policy directive 'upgrade-insecure-requests' is ignored when delivered in a report-only policy. @ https://authkit.streamlit.io/_next/static/chunks/6779-2c23623c25404a61.js:1
[    7319ms] [ERROR] The Content Security Policy directive 'upgrade-insecure-requests' is ignored when delivered in a report-only policy. @ https://authkit.streamlit.io/_next/static/chunks/6779-2c23623c25404a61.js:1
[    7334ms] [ERROR] The Content Security Policy directive 'upgrade-insecure-requests' is ignored when delivered in a report-only policy. @ https://authkit.streamlit.io/_next/static/chunks/2596-556ff721d6e70988.js:18
[    7334ms] [ERROR] The Content Security Policy directive 'upgrade-insecure-requests' is ignored when delivered in a report-only policy. @ https://authkit.streamlit.io/_next/static/chunks/2596-556ff721d6e70988.js:18
[    7526ms] [INFO] Executing inline script violates the following Content Security Policy directive 'script-src 'self' 'nonce-A+nI81LbZJSCE6oYV6gzRw==' 'unsafe-inline' https://challenges.cloudflare.com'. Note that 'unsafe-inline' is ignored if either a hash or nonce value is present in the source list. The policy is report-only, so the violation has been logged but no further action has been taken. @ https://authkit.streamlit.io/?client_id=project_01EZ8RPVCZQ40ZGBV6Y87N8V8V&redirect_uri=https%3A%2F%2Flogin.streamlit.io%2Fapi%2Fv1%2Flogin%2Fshare%2Fcallback&state=hjwHnDUQCjyH8zMYthj8LJzlVEz7WkREBeRfhZYE2BQHB_SUSkNlHlT24xrvkEYleOxRQy3m-sDQstVfrBdkj1i09LA_Pm1PNkt06OPpCVsZ-hnRiSZhrzUVk9T8QR7BD4I0WipgRwfacp3oeoBsV32MLIrcNeH7iawTCiEfZO1gm0F1gOonndA_Yhn018BqIcZCQNI5BCmKrijrGHPUx-C5c-yd6GuUNFRw7No5JbJRDhwyTqcHLJvn1HZ3Y35rLzM-2JS0G9SAkL-xALMZLp9ZlDfYwG9Zq5UzNYbSmAriZP3XG2KMM0dubFxxVNNRJjYUa4FFv7p_1w64yTa3UeQulSQdyo06gDLzwNXFhblajScaQ6S5vMfa3pBmUFzED1BluzIXxajXPHDSKF5IgnK9GLd3IdZpIlUHRPV8MdDXeiYF4j_SWJW8fQHPwg0U7LZCuw4iM_V9W60Qv8UULYDBrntV6JRXZ6BtsCD2TmA%3D&authorization_session_id=01KW4MAX148QQHZTSA5F1KPJ9T:341
[    7527ms] [INFO] Executing inline script violates the following Content Security Policy directive 'script-src 'self' 'nonce-A+nI81LbZJSCE6oYV6gzRw==' 'unsafe-inline' https://challenges.cloudflare.com'. Note that 'unsafe-inline' is ignored if either a hash or nonce value is present in the source list. The policy is report-only, so the violation has been logged but no further action has been taken. @ https://authkit.streamlit.io/?client_id=project_01EZ8RPVCZQ40ZGBV6Y87N8V8V&redirect_uri=https%3A%2F%2Flogin.streamlit.io%2Fapi%2Fv1%2Flogin%2Fshare%2Fcallback&state=hjwHnDUQCjyH8zMYthj8LJzlVEz7WkREBeRfhZYE2BQHB_SUSkNlHlT24xrvkEYleOxRQy3m-sDQstVfrBdkj1i09LA_Pm1PNkt06OPpCVsZ-hnRiSZhrzUVk9T8QR7BD4I0WipgRwfacp3oeoBsV32MLIrcNeH7iawTCiEfZO1gm0F1gOonndA_Yhn018BqIcZCQNI5BCmKrijrGHPUx-C5c-yd6GuUNFRw7No5JbJRDhwyTqcHLJvn1HZ3Y35rLzM-2JS0G9SAkL-xALMZLp9ZlDfYwG9Zq5UzNYbSmAriZP3XG2KMM0dubFxxVNNRJjYUa4FFv7p_1w64yTa3UeQulSQdyo06gDLzwNXFhblajScaQ6S5vMfa3pBmUFzED1BluzIXxajXPHDSKF5IgnK9GLd3IdZpIlUHRPV8MdDXeiYF4j_SWJW8fQHPwg0U7LZCuw4iM_V9W60Qv8UULYDBrntV6JRXZ6BtsCD2TmA%3D&authorization_session_id=01KW4MAX148QQHZTSA5F1KPJ9T:341
[    7527ms] [INFO] Executing inline script violates the following Content Security Policy directive 'script-src 'self' 'nonce-A+nI81LbZJSCE6oYV6gzRw==' 'unsafe-inline' https://challenges.cloudflare.com'. Note that 'unsafe-inline' is ignored if either a hash or nonce value is present in the source list. The policy is report-only, so the violation has been logged but no further action has been taken. @ https://authkit.streamlit.io/?client_id=project_01EZ8RPVCZQ40ZGBV6Y87N8V8V&redirect_uri=https%3A%2F%2Flogin.streamlit.io%2Fapi%2Fv1%2Flogin%2Fshare%2Fcallback&state=hjwHnDUQCjyH8zMYthj8LJzlVEz7WkREBeRfhZYE2BQHB_SUSkNlHlT24xrvkEYleOxRQy3m-sDQstVfrBdkj1i09LA_Pm1PNkt06OPpCVsZ-hnRiSZhrzUVk9T8QR7BD4I0WipgRwfacp3oeoBsV32MLIrcNeH7iawTCiEfZO1gm0F1gOonndA_Yhn018BqIcZCQNI5BCmKrijrGHPUx-C5c-yd6GuUNFRw7No5JbJRDhwyTqcHLJvn1HZ3Y35rLzM-2JS0G9SAkL-xALMZLp9ZlDfYwG9Zq5UzNYbSmAriZP3XG2KMM0dubFxxVNNRJjYUa4FFv7p_1w64yTa3UeQulSQdyo06gDLzwNXFhblajScaQ6S5vMfa3pBmUFzED1BluzIXxajXPHDSKF5IgnK9GLd3IdZpIlUHRPV8MdDXeiYF4j_SWJW8fQHPwg0U7LZCuw4iM_V9W60Qv8UULYDBrntV6JRXZ6BtsCD2TmA%3D&authorization_session_id=01KW4MAX148QQHZTSA5F1KPJ9T:341
[    7527ms] [INFO] Executing inline script violates the following Content Security Policy directive 'script-src 'self' 'nonce-A+nI81LbZJSCE6oYV6gzRw==' 'unsafe-inline' https://challenges.cloudflare.com'. Note that 'unsafe-inline' is ignored if either a hash or nonce value is present in the source list. The policy is report-only, so the violation has been logged but no further action has been taken. @ https://authkit.streamlit.io/?client_id=project_01EZ8RPVCZQ40ZGBV6Y87N8V8V&redirect_uri=https%3A%2F%2Flogin.streamlit.io%2Fapi%2Fv1%2Flogin%2Fshare%2Fcallback&state=hjwHnDUQCjyH8zMYthj8LJzlVEz7WkREBeRfhZYE2BQHB_SUSkNlHlT24xrvkEYleOxRQy3m-sDQstVfrBdkj1i09LA_Pm1PNkt06OPpCVsZ-hnRiSZhrzUVk9T8QR7BD4I0WipgRwfacp3oeoBsV32MLIrcNeH7iawTCiEfZO1gm0F1gOonndA_Yhn018BqIcZCQNI5BCmKrijrGHPUx-C5c-yd6GuUNFRw7No5JbJRDhwyTqcHLJvn1HZ3Y35rLzM-2JS0G9SAkL-xALMZLp9ZlDfYwG9Zq5UzNYbSmAriZP3XG2KMM0dubFxxVNNRJjYUa4FFv7p_1w64yTa3UeQulSQdyo06gDLzwNXFhblajScaQ6S5vMfa3pBmUFzED1BluzIXxajXPHDSKF5IgnK9GLd3IdZpIlUHRPV8MdDXeiYF4j_SWJW8fQHPwg0U7LZCuw4iM_V9W60Qv8UULYDBrntV6JRXZ6BtsCD2TmA%3D&authorization_session_id=01KW4MAX148QQHZTSA5F1KPJ9T:341
[    7537ms] [INFO] Executing inline script violates the following Content Security Policy directive 'script-src 'self' 'nonce-A+nI81LbZJSCE6oYV6gzRw==' 'unsafe-inline' https://challenges.cloudflare.com'. Note that 'unsafe-inline' is ignored if either a hash or nonce value is present in the source list. The policy is report-only, so the violation has been logged but no further action has been taken. @ https://authkit.streamlit.io/?client_id=project_01EZ8RPVCZQ40ZGBV6Y87N8V8V&redirect_uri=https%3A%2F%2Flogin.streamlit.io%2Fapi%2Fv1%2Flogin%2Fshare%2Fcallback&state=hjwHnDUQCjyH8zMYthj8LJzlVEz7WkREBeRfhZYE2BQHB_SUSkNlHlT24xrvkEYleOxRQy3m-sDQstVfrBdkj1i09LA_Pm1PNkt06OPpCVsZ-hnRiSZhrzUVk9T8QR7BD4I0WipgRwfacp3oeoBsV32MLIrcNeH7iawTCiEfZO1gm0F1gOonndA_Yhn018BqIcZCQNI5BCmKrijrGHPUx-C5c-yd6GuUNFRw7No5JbJRDhwyTqcHLJvn1HZ3Y35rLzM-2JS0G9SAkL-xALMZLp9ZlDfYwG9Zq5UzNYbSmAriZP3XG2KMM0dubFxxVNNRJjYUa4FFv7p_1w64yTa3UeQulSQdyo06gDLzwNXFhblajScaQ6S5vMfa3pBmUFzED1BluzIXxajXPHDSKF5IgnK9GLd3IdZpIlUHRPV8MdDXeiYF4j_SWJW8fQHPwg0U7LZCuw4iM_V9W60Qv8UULYDBrntV6JRXZ6BtsCD2TmA%3D&authorization_session_id=01KW4MAX148QQHZTSA5F1KPJ9T:341
[    7538ms] [INFO] Executing inline script violates the following Content Security Policy directive 'script-src 'self' 'nonce-A+nI81LbZJSCE6oYV6gzRw==' 'unsafe-inline' https://challenges.cloudflare.com'. Note that 'unsafe-inline' is ignored if either a hash or nonce value is present in the source list. The policy is report-only, so the violation has been logged but no further action has been taken. @ https://authkit.streamlit.io/?client_id=project_01EZ8RPVCZQ40ZGBV6Y87N8V8V&redirect_uri=https%3A%2F%2Flogin.streamlit.io%2Fapi%2Fv1%2Flogin%2Fshare%2Fcallback&state=hjwHnDUQCjyH8zMYthj8LJzlVEz7WkREBeRfhZYE2BQHB_SUSkNlHlT24xrvkEYleOxRQy3m-sDQstVfrBdkj1i09LA_Pm1PNkt06OPpCVsZ-hnRiSZhrzUVk9T8QR7BD4I0WipgRwfacp3oeoBsV32MLIrcNeH7iawTCiEfZO1gm0F1gOonndA_Yhn018BqIcZCQNI5BCmKrijrGHPUx-C5c-yd6GuUNFRw7No5JbJRDhwyTqcHLJvn1HZ3Y35rLzM-2JS0G9SAkL-xALMZLp9ZlDfYwG9Zq5UzNYbSmAriZP3XG2KMM0dubFxxVNNRJjYUa4FFv7p_1w64yTa3UeQulSQdyo06gDLzwNXFhblajScaQ6S5vMfa3pBmUFzED1BluzIXxajXPHDSKF5IgnK9GLd3IdZpIlUHRPV8MdDXeiYF4j_SWJW8fQHPwg0U7LZCuw4iM_V9W60Qv8UULYDBrntV6JRXZ6BtsCD2TmA%3D&authorization_session_id=01KW4MAX148QQHZTSA5F1KPJ9T:341
[    7538ms] [INFO] Executing inline script violates the following Content Security Policy directive 'script-src 'self' 'nonce-A+nI81LbZJSCE6oYV6gzRw==' 'unsafe-inline' https://challenges.cloudflare.com'. Note that 'unsafe-inline' is ignored if either a hash or nonce value is present in the source list. The policy is report-only, so the violation has been logged but no further action has been taken. @ https://authkit.streamlit.io/?client_id=project_01EZ8RPVCZQ40ZGBV6Y87N8V8V&redirect_uri=https%3A%2F%2Flogin.streamlit.io%2Fapi%2Fv1%2Flogin%2Fshare%2Fcallback&state=hjwHnDUQCjyH8zMYthj8LJzlVEz7WkREBeRfhZYE2BQHB_SUSkNlHlT24xrvkEYleOxRQy3m-sDQstVfrBdkj1i09LA_Pm1PNkt06OPpCVsZ-hnRiSZhrzUVk9T8QR7BD4I0WipgRwfacp3oeoBsV32MLIrcNeH7iawTCiEfZO1gm0F1gOonndA_Yhn018BqIcZCQNI5BCmKrijrGHPUx-C5c-yd6GuUNFRw7No5JbJRDhwyTqcHLJvn1HZ3Y35rLzM-2JS0G9SAkL-xALMZLp9ZlDfYwG9Zq5UzNYbSmAriZP3XG2KMM0dubFxxVNNRJjYUa4FFv7p_1w64yTa3UeQulSQdyo06gDLzwNXFhblajScaQ6S5vMfa3pBmUFzED1BluzIXxajXPHDSKF5IgnK9GLd3IdZpIlUHRPV8MdDXeiYF4j_SWJW8fQHPwg0U7LZCuw4iM_V9W60Qv8UULYDBrntV6JRXZ6BtsCD2TmA%3D&authorization_session_id=01KW4MAX148QQHZTSA5F1KPJ9T:341
[    7538ms] [INFO] Executing inline script violates the following Content Security Policy directive 'script-src 'self' 'nonce-A+nI81LbZJSCE6oYV6gzRw==' 'unsafe-inline' https://challenges.cloudflare.com'. Note that 'unsafe-inline' is ignored if either a hash or nonce value is present in the source list. The policy is report-only, so the violation has been logged but no further action has been taken. @ https://authkit.streamlit.io/?client_id=project_01EZ8RPVCZQ40ZGBV6Y87N8V8V&redirect_uri=https%3A%2F%2Flogin.streamlit.io%2Fapi%2Fv1%2Flogin%2Fshare%2Fcallback&state=hjwHnDUQCjyH8zMYthj8LJzlVEz7WkREBeRfhZYE2BQHB_SUSkNlHlT24xrvkEYleOxRQy3m-sDQstVfrBdkj1i09LA_Pm1PNkt06OPpCVsZ-hnRiSZhrzUVk9T8QR7BD4I0WipgRwfacp3oeoBsV32MLIrcNeH7iawTCiEfZO1gm0F1gOonndA_Yhn018BqIcZCQNI5BCmKrijrGHPUx-C5c-yd6GuUNFRw7No5JbJRDhwyTqcHLJvn1HZ3Y35rLzM-2JS0G9SAkL-xALMZLp9ZlDfYwG9Zq5UzNYbSmAriZP3XG2KMM0dubFxxVNNRJjYUa4FFv7p_1w64yTa3UeQulSQdyo06gDLzwNXFhblajScaQ6S5vMfa3pBmUFzED1BluzIXxajXPHDSKF5IgnK9GLd3IdZpIlUHRPV8MdDXeiYF4j_SWJW8fQHPwg0U7LZCuw4iM_V9W60Qv8UULYDBrntV6JRXZ6BtsCD2TmA%3D&authorization_session_id=01KW4MAX148QQHZTSA5F1KPJ9T:341
[    7538ms] [INFO] Executing inline script violates the following Content Security Policy directive 'script-src 'self' 'nonce-A+nI81LbZJSCE6oYV6gzRw==' 'unsafe-inline' https://challenges.cloudflare.com'. Note that 'unsafe-inline' is ignored if either a hash or nonce value is present in the source list. The policy is report-only, so the violation has been logged but no further action has been taken. @ https://authkit.streamlit.io/?client_id=project_01EZ8RPVCZQ40ZGBV6Y87N8V8V&redirect_uri=https%3A%2F%2Flogin.streamlit.io%2Fapi%2Fv1%2Flogin%2Fshare%2Fcallback&state=hjwHnDUQCjyH8zMYthj8LJzlVEz7WkREBeRfhZYE2BQHB_SUSkNlHlT24xrvkEYleOxRQy3m-sDQstVfrBdkj1i09LA_Pm1PNkt06OPpCVsZ-hnRiSZhrzUVk9T8QR7BD4I0WipgRwfacp3oeoBsV32MLIrcNeH7iawTCiEfZO1gm0F1gOonndA_Yhn018BqIcZCQNI5BCmKrijrGHPUx-C5c-yd6GuUNFRw7No5JbJRDhwyTqcHLJvn1HZ3Y35rLzM-2JS0G9SAkL-xALMZLp9ZlDfYwG9Zq5UzNYbSmAriZP3XG2KMM0dubFxxVNNRJjYUa4FFv7p_1w64yTa3UeQulSQdyo06gDLzwNXFhblajScaQ6S5vMfa3pBmUFzED1BluzIXxajXPHDSKF5IgnK9GLd3IdZpIlUHRPV8MdDXeiYF4j_SWJW8fQHPwg0U7LZCuw4iM_V9W60Qv8UULYDBrntV6JRXZ6BtsCD2TmA%3D&authorization_session_id=01KW4MAX148QQHZTSA5F1KPJ9T:341
[    7538ms] [INFO] Executing inline script violates the following Content Security Policy directive 'script-src 'self' 'nonce-A+nI81LbZJSCE6oYV6gzRw==' 'unsafe-inline' https://challenges.cloudflare.com'. Note that 'unsafe-inline' is ignored if either a hash or nonce value is present in the source list. The policy is report-only, so the violation has been logged but no further action has been taken. @ https://authkit.streamlit.io/?client_id=project_01EZ8RPVCZQ40ZGBV6Y87N8V8V&redirect_uri=https%3A%2F%2Flogin.streamlit.io%2Fapi%2Fv1%2Flogin%2Fshare%2Fcallback&state=hjwHnDUQCjyH8zMYthj8LJzlVEz7WkREBeRfhZYE2BQHB_SUSkNlHlT24xrvkEYleOxRQy3m-sDQstVfrBdkj1i09LA_Pm1PNkt06OPpCVsZ-hnRiSZhrzUVk9T8QR7BD4I0WipgRwfacp3oeoBsV32MLIrcNeH7iawTCiEfZO1gm0F1gOonndA_Yhn018BqIcZCQNI5BCmKrijrGHPUx-C5c-yd6GuUNFRw7No5JbJRDhwyTqcHLJvn1HZ3Y35rLzM-2JS0G9SAkL-xALMZLp9ZlDfYwG9Zq5UzNYbSmAriZP3XG2KMM0dubFxxVNNRJjYUa4FFv7p_1w64yTa3UeQulSQdyo06gDLzwNXFhblajScaQ6S5vMfa3pBmUFzED1BluzIXxajXPHDSKF5IgnK9GLd3IdZpIlUHRPV8MdDXeiYF4j_SWJW8fQHPwg0U7LZCuw4iM_V9W60Qv8UULYDBrntV6JRXZ6BtsCD2TmA%3D&authorization_session_id=01KW4MAX148QQHZTSA5F1KPJ9T:341
[    7539ms] [INFO] Executing inline script violates the following Content Security Policy directive 'script-src 'self' 'nonce-A+nI81LbZJSCE6oYV6gzRw==' 'unsafe-inline' https://challenges.cloudflare.com'. Note that 'unsafe-inline' is ignored if either a hash or nonce value is present in the source list. The policy is report-only, so the violation has been logged but no further action has been taken. @ https://authkit.streamlit.io/?client_id=project_01EZ8RPVCZQ40ZGBV6Y87N8V8V&redirect_uri=https%3A%2F%2Flogin.streamlit.io%2Fapi%2Fv1%2Flogin%2Fshare%2Fcallback&state=hjwHnDUQCjyH8zMYthj8LJzlVEz7WkREBeRfhZYE2BQHB_SUSkNlHlT24xrvkEYleOxRQy3m-sDQstVfrBdkj1i09LA_Pm1PNkt06OPpCVsZ-hnRiSZhrzUVk9T8QR7BD4I0WipgRwfacp3oeoBsV32MLIrcNeH7iawTCiEfZO1gm0F1gOonndA_Yhn018BqIcZCQNI5BCmKrijrGHPUx-C5c-yd6GuUNFRw7No5JbJRDhwyTqcHLJvn1HZ3Y35rLzM-2JS0G9SAkL-xALMZLp9ZlDfYwG9Zq5UzNYbSmAriZP3XG2KMM0dubFxxVNNRJjYUa4FFv7p_1w64yTa3UeQulSQdyo06gDLzwNXFhblajScaQ6S5vMfa3pBmUFzED1BluzIXxajXPHDSKF5IgnK9GLd3IdZpIlUHRPV8MdDXeiYF4j_SWJW8fQHPwg0U7LZCuw4iM_V9W60Qv8UULYDBrntV6JRXZ6BtsCD2TmA%3D&authorization_session_id=01KW4MAX148QQHZTSA5F1KPJ9T:341
[    7539ms] [INFO] Executing inline script violates the following Content Security Policy directive 'script-src 'self' 'nonce-A+nI81LbZJSCE6oYV6gzRw==' 'unsafe-inline' https://challenges.cloudflare.com'. Note that 'unsafe-inline' is ignored if either a hash or nonce value is present in the source list. The policy is report-only, so the violation has been logged but no further action has been taken. @ https://authkit.streamlit.io/?client_id=project_01EZ8RPVCZQ40ZGBV6Y87N8V8V&redirect_uri=https%3A%2F%2Flogin.streamlit.io%2Fapi%2Fv1%2Flogin%2Fshare%2Fcallback&state=hjwHnDUQCjyH8zMYthj8LJzlVEz7WkREBeRfhZYE2BQHB_SUSkNlHlT24xrvkEYleOxRQy3m-sDQstVfrBdkj1i09LA_Pm1PNkt06OPpCVsZ-hnRiSZhrzUVk9T8QR7BD4I0WipgRwfacp3oeoBsV32MLIrcNeH7iawTCiEfZO1gm0F1gOonndA_Yhn018BqIcZCQNI5BCmKrijrGHPUx-C5c-yd6GuUNFRw7No5JbJRDhwyTqcHLJvn1HZ3Y35rLzM-2JS0G9SAkL-xALMZLp9ZlDfYwG9Zq5UzNYbSmAriZP3XG2KMM0dubFxxVNNRJjYUa4FFv7p_1w64yTa3UeQulSQdyo06gDLzwNXFhblajScaQ6S5vMfa3pBmUFzED1BluzIXxajXPHDSKF5IgnK9GLd3IdZpIlUHRPV8MdDXeiYF4j_SWJW8fQHPwg0U7LZCuw4iM_V9W60Qv8UULYDBrntV6JRXZ6BtsCD2TmA%3D&authorization_session_id=01KW4MAX148QQHZTSA5F1KPJ9T:341
[    8780ms] [ERROR] The Content Security Policy directive 'upgrade-insecure-requests' is ignored when delivered in a report-only policy. @ https://authkit.streamlit.io/_next/static/chunks/9469.bf25ca3116ed2313.js:0
[    8781ms] [ERROR] The Content Security Policy directive 'upgrade-insecure-requests' is ignored when delivered in a report-only policy. @ https://authkit.streamlit.io/_next/static/chunks/9469.bf25ca3116ed2313.js:0
[    8858ms] [INFO] Evaluating a string as JavaScript violates the following Content Security Policy directive because 'unsafe-eval' is not an allowed source of script: "script-src 'self' 'nonce-A+nI81LbZJSCE6oYV6gzRw==' 'unsafe-inline' https://challenges.cloudflare.com".
 The policy is report-only, so the violation has been logged but no further action has been taken. @ https://authkit.streamlit.io/_next/static/chunks/9469.bf25ca3116ed2313.js:0
[    8858ms] [INFO] Evaluating a string as JavaScript violates the following Content Security Policy directive because 'unsafe-eval' is not an allowed source of script: "script-src 'self' 'nonce-A+nI81LbZJSCE6oYV6gzRw==' 'unsafe-inline' https://challenges.cloudflare.com".
 The policy is report-only, so the violation has been logged but no further action has been taken. @ https://authkit.streamlit.io/_next/static/chunks/9469.bf25ca3116ed2313.js:0
[    8858ms] [INFO] Evaluating a string as JavaScript violates the following Content Security Policy directive because 'unsafe-eval' is not an allowed source of script: "script-src 'self' 'nonce-A+nI81LbZJSCE6oYV6gzRw==' 'unsafe-inline' https://challenges.cloudflare.com".
 The policy is report-only, so the violation has been logged but no further action has been taken. @ https://authkit.streamlit.io/_next/static/chunks/9469.bf25ca3116ed2313.js:0
[    8858ms] [INFO] Evaluating a string as JavaScript violates the following Content Security Policy directive because 'unsafe-eval' is not an allowed source of script: "script-src 'self' 'nonce-A+nI81LbZJSCE6oYV6gzRw==' 'unsafe-inline' https://challenges.cloudflare.com".
 The policy is report-only, so the violation has been logged but no further action has been taken. @ https://authkit.streamlit.io/_next/static/chunks/9469.bf25ca3116ed2313.js:0
[    8858ms] [INFO] Evaluating a string as JavaScript violates the following Content Security Policy directive because 'unsafe-eval' is not an allowed source of script: "script-src 'self' 'nonce-A+nI81LbZJSCE6oYV6gzRw==' 'unsafe-inline' https://challenges.cloudflare.com".
 The policy is report-only, so the violation has been logged but no further action has been taken. @ https://authkit.streamlit.io/_next/static/chunks/9469.bf25ca3116ed2313.js:0
[    8858ms] [INFO] Evaluating a string as JavaScript violates the following Content Security Policy directive because 'unsafe-eval' is not an allowed source of script: "script-src 'self' 'nonce-A+nI81LbZJSCE6oYV6gzRw==' 'unsafe-inline' https://challenges.cloudflare.com".
 The policy is report-only, so the violation has been logged but no further action has been taken. @ https://authkit.streamlit.io/_next/static/chunks/9469.bf25ca3116ed2313.js:0
[    8858ms] [INFO] Evaluating a string as JavaScript violates the following Content Security Policy directive because 'unsafe-eval' is not an allowed source of script: "script-src 'self' 'nonce-A+nI81LbZJSCE6oYV6gzRw==' 'unsafe-inline' https://challenges.cloudflare.com".
 The policy is report-only, so the violation has been logged but no further action has been taken. @ https://authkit.streamlit.io/_next/static/chunks/9469.bf25ca3116ed2313.js:0
[    8858ms] [INFO] Evaluating a string as JavaScript violates the following Content Security Policy directive because 'unsafe-eval' is not an allowed source of script: "script-src 'self' 'nonce-A+nI81LbZJSCE6oYV6gzRw==' 'unsafe-inline' https://challenges.cloudflare.com".
 The policy is report-only, so the violation has been logged but no further action has been taken. @ https://authkit.streamlit.io/_next/static/chunks/9469.bf25ca3116ed2313.js:0
[    8858ms] [INFO] Evaluating a string as JavaScript violates the following Content Security Policy directive because 'unsafe-eval' is not an allowed source of script: "script-src 'self' 'nonce-A+nI81LbZJSCE6oYV6gzRw==' 'unsafe-inline' https://challenges.cloudflare.com".
 The policy is report-only, so the violation has been logged but no further action has been taken. @ https://authkit.streamlit.io/_next/static/chunks/9469.bf25ca3116ed2313.js:0
[    9007ms] [WARNING] Canvas2D: Multiple readback operations using getImageData are faster with the willReadFrequently attribute set to true. See: https://html.spec.whatwg.org/multipage/canvas.html#concept-canvas-will-read-frequently @ https://authkit.streamlit.io/_next/static/chunks/9469.bf25ca3116ed2313.js:0
[12435775ms] [ERROR] Failed to load resource: net::ERR_NETWORK_CHANGED @ https://share.streamlit.io/api/v1/telemetry/datadog?path=%2Fapi%2Fv2%2Frum&parameters=ddsource%3Dbrowser%26dd-api-key%3Dpub80bea74eec96ecfc73fa52f86798cadf%26dd-evp-origin-version%3D6.28.1%26dd-evp-origin%3Dbrowser%26dd-request-id%3Dbfe5ed9d-3935-489e-9949-a2762da11f5e%26batch_time%3D1782578426473%26_dd.api%3Dfetch:0
[34047212ms] [ERROR] Failed to load resource: net::ERR_NETWORK_CHANGED @ https://qjmnz4vd2y07.statuspage.io/api/v2/status.json:0
[37233569ms] [ERROR] Failed to load resource: net::ERR_INTERNET_DISCONNECTED @ https://qjmnz4vd2y07.statuspage.io/api/v2/status.json:0
[40699454ms] [ERROR] Failed to load resource: net::ERR_NETWORK_CHANGED @ https://share.streamlit.io/api/v2/user:0
[40699463ms] [ERROR] Failed to load resource: net::ERR_NETWORK_CHANGED @ https://share.streamlit.io/api/v2/user/workspaces/f5a03d46-f71d-465e-9b05-d6094a4af3ca:0
[40699465ms] [ERROR] Failed to load resource: net::ERR_NETWORK_CHANGED @ https://share.streamlit.io/api/v2/codespaces/templates:0
[40699466ms] [ERROR] Failed to load resource: net::ERR_NETWORK_CHANGED @ https://share.streamlit.io/api/v2/feature-flags:0
[40699467ms] [ERROR] Failed to load resource: net::ERR_NETWORK_CHANGED @ https://share.streamlit.io/api/v2/favorited-apps:0
[40732800ms] [ERROR] Failed to load resource: net::ERR_NETWORK_CHANGED @ https://share.streamlit.io/api/v1/telemetry/datadog?path=%2Fapi%2Fv2%2Flogs&parameters=ddsource%3Dbrowser%26dd-api-key%3Dpub80bea74eec96ecfc73fa52f86798cadf%26dd-evp-origin-version%3D6.28.1%26dd-evp-origin%3Dbrowser%26dd-request-id%3Daf45a0ea-2ece-4287-8d71-ae4b6d6a88ff:0
[41729908ms] [ERROR] Failed to load resource: net::ERR_CONNECTION_CLOSED @ https://qjmnz4vd2y07.statuspage.io/api/v2/status.json:0
[41732019ms] [ERROR] Failed to load resource: net::ERR_CONNECTION_CLOSED @ https://share.streamlit.io/api/v2/favorited-apps:0
[41732322ms] [ERROR] Failed to load resource: net::ERR_CONNECTION_CLOSED @ https://share.streamlit.io/api/v2/feature-flags:0
[41734317ms] [ERROR] Failed to load resource: net::ERR_CONNECTION_CLOSED @ https://share.streamlit.io/api/v2/codespaces/templates:0
[41734329ms] [ERROR] Failed to load resource: net::ERR_CONNECTION_CLOSED @ https://share.streamlit.io/api/v2/user/workspaces/f5a03d46-f71d-465e-9b05-d6094a4af3ca:0
[41734342ms] [ERROR] Failed to load resource: net::ERR_CONNECTION_CLOSED @ https://share.streamlit.io/api/v2/user:0
[41752838ms] [ERROR] Failed to load resource: net::ERR_NETWORK_CHANGED @ https://share.streamlit.io/api/v1/event:0
[41752839ms] [ERROR] Failed to load resource: net::ERR_NETWORK_CHANGED @ https://share.streamlit.io/api/v1/event:0
[41752839ms] [ERROR] Failed to load resource: net::ERR_NETWORK_CHANGED @ https://share.streamlit.io/api/v2/feature-flags:0
[41752841ms] [ERROR] Failed to load resource: net::ERR_NETWORK_CHANGED @ https://share.streamlit.io/api/v2/user:0
[41752845ms] AxiosError: Network Error
    at C.onerror (https://share.streamlit.io/-/build/assets/schemas-Cy-6p_Bz.js:3:7613)
[41752846ms] AxiosError: Network Error
    at C.onerror (https://share.streamlit.io/-/build/assets/schemas-Cy-6p_Bz.js:3:7613)
[41755448ms] [ERROR] Failed to load resource: net::ERR_INTERNET_DISCONNECTED @ https://share.streamlit.io/api/v2/favorited-apps:0
[41757361ms] [ERROR] Failed to load resource: net::ERR_INTERNET_DISCONNECTED @ https://share.streamlit.io/api/v2/user/workspaces/f5a03d46-f71d-465e-9b05-d6094a4af3ca:0
[41767050ms] [ERROR] Failed to load resource: net::ERR_NETWORK_CHANGED @ https://share.streamlit.io/api/v2/user/workspaces/f5a03d46-f71d-465e-9b05-d6094a4af3ca:0
[41767055ms] [ERROR] Failed to load resource: net::ERR_NETWORK_CHANGED @ https://share.streamlit.io/api/v2/feature-flags:0
[41767094ms] [ERROR] Failed to load resource: net::ERR_NETWORK_CHANGED @ https://share.streamlit.io/api/v2/favorited-apps:0
[41767866ms] [ERROR] Failed to load resource: net::ERR_INTERNET_DISCONNECTED @ https://share.streamlit.io/api/v2/feature-flags:0
[42574904ms] [ERROR] Failed to load resource: net::ERR_INTERNET_DISCONNECTED @ https://qjmnz4vd2y07.statuspage.io/api/v2/status.json:0
[42634903ms] [ERROR] Failed to load resource: net::ERR_INTERNET_DISCONNECTED @ https://qjmnz4vd2y07.statuspage.io/api/v2/status.json:0
[42694898ms] [ERROR] Failed to load resource: net::ERR_INTERNET_DISCONNECTED @ https://qjmnz4vd2y07.statuspage.io/api/v2/status.json:0
[42754899ms] [ERROR] Failed to load resource: net::ERR_INTERNET_DISCONNECTED @ https://qjmnz4vd2y07.statuspage.io/api/v2/status.json:0
[42814895ms] [ERROR] Failed to load resource: net::ERR_INTERNET_DISCONNECTED @ https://qjmnz4vd2y07.statuspage.io/api/v2/status.json:0
[42874895ms] [ERROR] Failed to load resource: net::ERR_INTERNET_DISCONNECTED @ https://qjmnz4vd2y07.statuspage.io/api/v2/status.json:0
[42934891ms] [ERROR] Failed to load resource: net::ERR_INTERNET_DISCONNECTED @ https://qjmnz4vd2y07.statuspage.io/api/v2/status.json:0
[42994890ms] [ERROR] Failed to load resource: net::ERR_INTERNET_DISCONNECTED @ https://qjmnz4vd2y07.statuspage.io/api/v2/status.json:0
[43054888ms] [ERROR] Failed to load resource: net::ERR_INTERNET_DISCONNECTED @ https://qjmnz4vd2y07.statuspage.io/api/v2/status.json:0
[43114886ms] [ERROR] Failed to load resource: net::ERR_INTERNET_DISCONNECTED @ https://qjmnz4vd2y07.statuspage.io/api/v2/status.json:0
[43174882ms] [ERROR] Failed to load resource: net::ERR_INTERNET_DISCONNECTED @ https://qjmnz4vd2y07.statuspage.io/api/v2/status.json:0
[43234883ms] [ERROR] Failed to load resource: net::ERR_INTERNET_DISCONNECTED @ https://qjmnz4vd2y07.statuspage.io/api/v2/status.json:0
[43294882ms] [ERROR] Failed to load resource: net::ERR_INTERNET_DISCONNECTED @ https://qjmnz4vd2y07.statuspage.io/api/v2/status.json:0
[43354880ms] [ERROR] Failed to load resource: net::ERR_INTERNET_DISCONNECTED @ https://qjmnz4vd2y07.statuspage.io/api/v2/status.json:0
[43414876ms] [ERROR] Failed to load resource: net::ERR_INTERNET_DISCONNECTED @ https://qjmnz4vd2y07.statuspage.io/api/v2/status.json:0
[43474875ms] [ERROR] Failed to load resource: net::ERR_INTERNET_DISCONNECTED @ https://qjmnz4vd2y07.statuspage.io/api/v2/status.json:0
[43534873ms] [ERROR] Failed to load resource: net::ERR_INTERNET_DISCONNECTED @ https://qjmnz4vd2y07.statuspage.io/api/v2/status.json:0
[43594872ms] [ERROR] Failed to load resource: net::ERR_INTERNET_DISCONNECTED @ https://qjmnz4vd2y07.statuspage.io/api/v2/status.json:0
[43654867ms] [ERROR] Failed to load resource: net::ERR_INTERNET_DISCONNECTED @ https://qjmnz4vd2y07.statuspage.io/api/v2/status.json:0
[43714867ms] [ERROR] Failed to load resource: net::ERR_INTERNET_DISCONNECTED @ https://qjmnz4vd2y07.statuspage.io/api/v2/status.json:0
[43774865ms] [ERROR] Failed to load resource: net::ERR_INTERNET_DISCONNECTED @ https://qjmnz4vd2y07.statuspage.io/api/v2/status.json:0
[43834864ms] [ERROR] Failed to load resource: net::ERR_INTERNET_DISCONNECTED @ https://qjmnz4vd2y07.statuspage.io/api/v2/status.json:0
[43894857ms] [ERROR] Failed to load resource: net::ERR_INTERNET_DISCONNECTED @ https://qjmnz4vd2y07.statuspage.io/api/v2/status.json:0
[43958776ms] [ERROR] Failed to load resource: net::ERR_NETWORK_CHANGED @ https://qjmnz4vd2y07.statuspage.io/api/v2/status.json:0
[43961666ms] [ERROR] Failed to load resource: net::ERR_NAME_NOT_RESOLVED @ https://share.streamlit.io/api/v2/codespaces/templates:0
[48324697ms] [ERROR] Failed to load resource: net::ERR_CONNECTION_CLOSED @ https://share.streamlit.io/api/v2/user:0
[48330491ms] [ERROR] Failed to load resource: net::ERR_CONNECTION_CLOSED @ https://qjmnz4vd2y07.statuspage.io/api/v2/status.json:0
[48696428ms] [ERROR] Failed to load resource: net::ERR_NETWORK_CHANGED @ https://share.streamlit.io/api/v1/event:0
[48696429ms] [ERROR] Failed to load resource: net::ERR_NETWORK_CHANGED @ https://share.streamlit.io/api/v1/event:0
[48697330ms] AxiosError: Network Error
    at C.onerror (https://share.streamlit.io/-/build/assets/schemas-Cy-6p_Bz.js:3:7613)
[48697332ms] AxiosError: Network Error
    at C.onerror (https://share.streamlit.io/-/build/assets/schemas-Cy-6p_Bz.js:3:7613)
[48760373ms] [ERROR] Failed to load resource: net::ERR_NAME_NOT_RESOLVED @ https://qjmnz4vd2y07.statuspage.io/api/v2/status.json:0
[50759392ms] [ERROR] Failed to load resource: net::ERR_INTERNET_DISCONNECTED @ https://qjmnz4vd2y07.statuspage.io/api/v2/status.json:0
[52060009ms] [ERROR] Failed to load resource: net::ERR_NAME_NOT_RESOLVED @ https://share.streamlit.io/api/v2/user/workspaces/f5a03d46-f71d-465e-9b05-d6094a4af3ca:0
[52093899ms] [ERROR] Failed to load resource: net::ERR_NETWORK_CHANGED @ https://qjmnz4vd2y07.statuspage.io/api/v2/status.json:0
[52098505ms] [ERROR] Failed to load resource: net::ERR_INTERNET_DISCONNECTED @ https://share.streamlit.io/api/v1/telemetry/datadog?path=%2Fapi%2Fv2%2Flogs&parameters=ddsource%3Dbrowser%26dd-api-key%3Dpub80bea74eec96ecfc73fa52f86798cadf%26dd-evp-origin-version%3D6.28.1%26dd-evp-origin%3Dbrowser%26dd-request-id%3Dcaa61b60-17cf-4482-9b88-5a7485b35098:0
[52099515ms] [ERROR] Failed to load resource: net::ERR_INTERNET_DISCONNECTED @ https://share.streamlit.io/api/v1/telemetry/datadog?path=%2Fapi%2Fv2%2Flogs&parameters=ddsource%3Dbrowser%26dd-api-key%3Dpub80bea74eec96ecfc73fa52f86798cadf%26dd-evp-origin-version%3D6.28.1%26dd-evp-origin%3Dbrowser%26dd-request-id%3D9dcce67e-1bf5-4711-9f18-3dd979cc0074:0
[52101525ms] [ERROR] Failed to load resource: net::ERR_INTERNET_DISCONNECTED @ https://share.streamlit.io/api/v1/telemetry/datadog?path=%2Fapi%2Fv2%2Flogs&parameters=ddsource%3Dbrowser%26dd-api-key%3Dpub80bea74eec96ecfc73fa52f86798cadf%26dd-evp-origin-version%3D6.28.1%26dd-evp-origin%3Dbrowser%26dd-request-id%3Da24d1698-85b5-475d-acd6-21a7847aa954:0
[52105534ms] [ERROR] Failed to load resource: net::ERR_INTERNET_DISCONNECTED @ https://share.streamlit.io/api/v1/telemetry/datadog?path=%2Fapi%2Fv2%2Flogs&parameters=ddsource%3Dbrowser%26dd-api-key%3Dpub80bea74eec96ecfc73fa52f86798cadf%26dd-evp-origin-version%3D6.28.1%26dd-evp-origin%3Dbrowser%26dd-request-id%3D360ee4aa-fdbe-41b7-a791-6b7db76478c3:0
[53030344ms] [ERROR] Failed to load resource: net::ERR_NETWORK_CHANGED @ https://share.streamlit.io/api/v2/user/workspaces/f5a03d46-f71d-465e-9b05-d6094a4af3ca:0
[53030351ms] [ERROR] Failed to load resource: net::ERR_NETWORK_CHANGED @ https://share.streamlit.io/api/v2/user:0
[53030351ms] [ERROR] Failed to load resource: net::ERR_NETWORK_CHANGED @ https://share.streamlit.io/api/v1/telemetry/datadog?path=%2Fapi%2Fv2%2Flogs&parameters=ddsource%3Dbrowser%26dd-api-key%3Dpub80bea74eec96ecfc73fa52f86798cadf%26dd-evp-origin-version%3D6.28.1%26dd-evp-origin%3Dbrowser%26dd-request-id%3D7b974774-55ca-47f1-ab92-77992cdcb98f:0
[53030352ms] [ERROR] Failed to load resource: net::ERR_NETWORK_CHANGED @ https://share.streamlit.io/api/v2/favorited-apps:0
[53030352ms] [ERROR] Failed to load resource: net::ERR_NETWORK_CHANGED @ https://share.streamlit.io/api/v2/feature-flags:0
[53030353ms] [ERROR] Failed to load resource: net::ERR_NETWORK_CHANGED @ https://share.streamlit.io/api/v2/codespaces/templates:0
[53030665ms] [ERROR] Failed to load resource: net::ERR_INTERNET_DISCONNECTED @ https://share.streamlit.io/api/v1/event:0
[53031037ms] AxiosError: Network Error
    at C.onerror (https://share.streamlit.io/-/build/assets/schemas-Cy-6p_Bz.js:3:7613)
[53035357ms] [ERROR] Failed to load resource: net::ERR_INTERNET_DISCONNECTED @ https://share.streamlit.io/api/v1/event:0
[53035360ms] AxiosError: Network Error
    at C.onerror (https://share.streamlit.io/-/build/assets/schemas-Cy-6p_Bz.js:3:7613)
[53035668ms] [ERROR] Failed to load resource: net::ERR_INTERNET_DISCONNECTED @ https://share.streamlit.io/api/v2/user/workspaces/f5a03d46-f71d-465e-9b05-d6094a4af3ca:0
[53035672ms] [ERROR] Failed to load resource: net::ERR_INTERNET_DISCONNECTED @ https://share.streamlit.io/api/v2/favorited-apps:0
[53040361ms] [ERROR] Failed to load resource: net::ERR_INTERNET_DISCONNECTED @ https://share.streamlit.io/api/v2/feature-flags:0
[53070993ms] [ERROR] Failed to load resource: net::ERR_TIMED_OUT @ https://share.streamlit.io/api/v2/user:0
[54038010ms] [ERROR] Failed to load resource: net::ERR_INTERNET_DISCONNECTED @ https://share.streamlit.io/api/v1/telemetry/datadog?path=%2Fapi%2Fv2%2Flogs&parameters=ddsource%3Dbrowser%26dd-api-key%3Dpub80bea74eec96ecfc73fa52f86798cadf%26dd-evp-origin-version%3D6.28.1%26dd-evp-origin%3Dbrowser%26dd-request-id%3D792c345b-1e6f-412b-b7cb-e2cca417eeb7:0
[54039020ms] [ERROR] Failed to load resource: net::ERR_INTERNET_DISCONNECTED @ https://share.streamlit.io/api/v1/telemetry/datadog?path=%2Fapi%2Fv2%2Flogs&parameters=ddsource%3Dbrowser%26dd-api-key%3Dpub80bea74eec96ecfc73fa52f86798cadf%26dd-evp-origin-version%3D6.28.1%26dd-evp-origin%3Dbrowser%26dd-request-id%3Db4d573e9-fcc7-464a-912c-41769395fadc:0
[54041030ms] [ERROR] Failed to load resource: net::ERR_INTERNET_DISCONNECTED @ https://share.streamlit.io/api/v1/telemetry/datadog?path=%2Fapi%2Fv2%2Flogs&parameters=ddsource%3Dbrowser%26dd-api-key%3Dpub80bea74eec96ecfc73fa52f86798cadf%26dd-evp-origin-version%3D6.28.1%26dd-evp-origin%3Dbrowser%26dd-request-id%3D992937ec-3c12-46ec-b09b-9fccb49a7045:0
[54045037ms] [ERROR] Failed to load resource: net::ERR_INTERNET_DISCONNECTED @ https://share.streamlit.io/api/v1/telemetry/datadog?path=%2Fapi%2Fv2%2Flogs&parameters=ddsource%3Dbrowser%26dd-api-key%3Dpub80bea74eec96ecfc73fa52f86798cadf%26dd-evp-origin-version%3D6.28.1%26dd-evp-origin%3Dbrowser%26dd-request-id%3D18054913-78e9-4d75-9c66-2adcbcd08f55:0
[54053043ms] [ERROR] Failed to load resource: net::ERR_INTERNET_DISCONNECTED @ https://share.streamlit.io/api/v1/telemetry/datadog?path=%2Fapi%2Fv2%2Flogs&parameters=ddsource%3Dbrowser%26dd-api-key%3Dpub80bea74eec96ecfc73fa52f86798cadf%26dd-evp-origin-version%3D6.28.1%26dd-evp-origin%3Dbrowser%26dd-request-id%3D265050c9-0f8a-46f6-89d2-fdd90a2528d1:0
[54069053ms] [ERROR] Failed to load resource: net::ERR_INTERNET_DISCONNECTED @ https://share.streamlit.io/api/v1/telemetry/datadog?path=%2Fapi%2Fv2%2Flogs&parameters=ddsource%3Dbrowser%26dd-api-key%3Dpub80bea74eec96ecfc73fa52f86798cadf%26dd-evp-origin-version%3D6.28.1%26dd-evp-origin%3Dbrowser%26dd-request-id%3D2ce17c59-222d-443b-afd3-4506fc8c4a13:0
[54072093ms] [ERROR] Failed to load resource: net::ERR_INTERNET_DISCONNECTED @ https://qjmnz4vd2y07.statuspage.io/api/v2/status.json:0
[56220635ms] [ERROR] Failed to load resource: net::ERR_INTERNET_DISCONNECTED @ https://share.streamlit.io/api/v1/telemetry/datadog?path=%2Fapi%2Fv2%2Flogs&parameters=ddsource%3Dbrowser%26dd-api-key%3Dpub80bea74eec96ecfc73fa52f86798cadf%26dd-evp-origin-version%3D6.28.1%26dd-evp-origin%3Dbrowser%26dd-request-id%3Dd3721850-1636-41be-afca-397ed7e3a903:0
[60259820ms] [ERROR] Failed to load resource: net::ERR_INTERNET_DISCONNECTED @ https://qjmnz4vd2y07.statuspage.io/api/v2/status.json:0
[63013330ms] [ERROR] Failed to load resource: net::ERR_NETWORK_CHANGED @ https://share.streamlit.io/api/v2/codespaces/templates:0
[63013335ms] [ERROR] Failed to load resource: net::ERR_NETWORK_CHANGED @ https://share.streamlit.io/api/v2/user/workspaces/f5a03d46-f71d-465e-9b05-d6094a4af3ca:0
[63013339ms] [ERROR] Failed to load resource: net::ERR_NETWORK_CHANGED @ https://share.streamlit.io/api/v2/user:0
[63013340ms] [ERROR] Failed to load resource: net::ERR_NETWORK_CHANGED @ https://share.streamlit.io/api/v2/favorited-apps:0
[63013340ms] [ERROR] Failed to load resource: net::ERR_NETWORK_CHANGED @ https://share.streamlit.io/api/v2/feature-flags:0
[63214058ms] [ERROR] Failed to load resource: net::ERR_NETWORK_CHANGED @ https://qjmnz4vd2y07.statuspage.io/api/v2/status.json:0
[63214060ms] [ERROR] Failed to load resource: net::ERR_NETWORK_CHANGED @ https://share.streamlit.io/api/v2/user/workspaces/f5a03d46-f71d-465e-9b05-d6094a4af3ca:0
[63214062ms] [ERROR] Failed to load resource: net::ERR_NETWORK_CHANGED @ https://share.streamlit.io/api/v2/favorited-apps:0
[63214062ms] [ERROR] Failed to load resource: net::ERR_NETWORK_CHANGED @ https://share.streamlit.io/api/v2/feature-flags:0
[63224076ms] [ERROR] Failed to load resource: net::ERR_INTERNET_DISCONNECTED @ https://share.streamlit.io/api/v2/user/workspaces/f5a03d46-f71d-465e-9b05-d6094a4af3ca:0
[63224081ms] [ERROR] Failed to load resource: net::ERR_INTERNET_DISCONNECTED @ https://share.streamlit.io/api/v2/favorited-apps:0
[63229069ms] [ERROR] Failed to load resource: net::ERR_INTERNET_DISCONNECTED @ https://share.streamlit.io/api/v2/feature-flags:0
[63232898ms] [ERROR] Failed to load resource: net::ERR_INTERNET_DISCONNECTED @ https://share.streamlit.io/api/v1/telemetry/datadog?path=%2Fapi%2Fv2%2Flogs&parameters=ddsource%3Dbrowser%26dd-api-key%3Dpub80bea74eec96ecfc73fa52f86798cadf%26dd-evp-origin-version%3D6.28.1%26dd-evp-origin%3Dbrowser%26dd-request-id%3Db143a0a8-7850-42e4-a9d3-2bb3599f4d81:0
[63233915ms] [ERROR] Failed to load resource: net::ERR_INTERNET_DISCONNECTED @ https://share.streamlit.io/api/v1/telemetry/datadog?path=%2Fapi%2Fv2%2Flogs&parameters=ddsource%3Dbrowser%26dd-api-key%3Dpub80bea74eec96ecfc73fa52f86798cadf%26dd-evp-origin-version%3D6.28.1%26dd-evp-origin%3Dbrowser%26dd-request-id%3D05e0ea89-6704-4dcf-86da-63fe159e295e:0
[63235925ms] [ERROR] Failed to load resource: net::ERR_INTERNET_DISCONNECTED @ https://share.streamlit.io/api/v1/telemetry/datadog?path=%2Fapi%2Fv2%2Flogs&parameters=ddsource%3Dbrowser%26dd-api-key%3Dpub80bea74eec96ecfc73fa52f86798cadf%26dd-evp-origin-version%3D6.28.1%26dd-evp-origin%3Dbrowser%26dd-request-id%3D45bd3369-20e0-43ee-81fc-41a55afd94f9:0
[63239935ms] [ERROR] Failed to load resource: net::ERR_INTERNET_DISCONNECTED @ https://share.streamlit.io/api/v1/telemetry/datadog?path=%2Fapi%2Fv2%2Flogs&parameters=ddsource%3Dbrowser%26dd-api-key%3Dpub80bea74eec96ecfc73fa52f86798cadf%26dd-evp-origin-version%3D6.28.1%26dd-evp-origin%3Dbrowser%26dd-request-id%3Db1b9ee7b-96f1-47f9-9a23-6ede36ed6c20:0
[64402243ms] [ERROR] Failed to load resource: net::ERR_NETWORK_CHANGED @ https://share.streamlit.io/api/v2/user:0
[64402247ms] [ERROR] Failed to load resource: net::ERR_NETWORK_CHANGED @ https://share.streamlit.io/api/v2/favorited-apps:0
[64402248ms] [ERROR] Failed to load resource: net::ERR_NETWORK_CHANGED @ https://share.streamlit.io/api/v2/feature-flags:0
[64402252ms] [ERROR] Failed to load resource: net::ERR_NETWORK_CHANGED @ https://share.streamlit.io/api/v2/codespaces/templates:0
[64402253ms] [ERROR] Failed to load resource: net::ERR_NETWORK_CHANGED @ https://share.streamlit.io/api/v2/user/workspaces/f5a03d46-f71d-465e-9b05-d6094a4af3ca:0
[64402570ms] [ERROR] Failed to load resource: net::ERR_INTERNET_DISCONNECTED @ https://share.streamlit.io/api/v1/event:0
[64402571ms] AxiosError: Network Error
    at C.onerror (https://share.streamlit.io/-/build/assets/schemas-Cy-6p_Bz.js:3:7613)
[64405569ms] [ERROR] Failed to load resource: net::ERR_INTERNET_DISCONNECTED @ https://share.streamlit.io/api/v1/event:0
[64405571ms] AxiosError: Network Error
    at C.onerror (https://share.streamlit.io/-/build/assets/schemas-Cy-6p_Bz.js:3:7613)
[64407153ms] [ERROR] Failed to load resource: net::ERR_INTERNET_DISCONNECTED @ https://share.streamlit.io/api/v2/user:0
[64407261ms] [ERROR] Failed to load resource: net::ERR_INTERNET_DISCONNECTED @ https://share.streamlit.io/api/v2/feature-flags:0
[64407266ms] [ERROR] Failed to load resource: net::ERR_INTERNET_DISCONNECTED @ https://share.streamlit.io/api/v2/user/workspaces/f5a03d46-f71d-465e-9b05-d6094a4af3ca:0
[64412260ms] [ERROR] Failed to load resource: net::ERR_INTERNET_DISCONNECTED @ https://share.streamlit.io/api/v2/favorited-apps:0
[65712892ms] [ERROR] Failed to load resource: net::ERR_INTERNET_DISCONNECTED @ https://share.streamlit.io/api/v1/telemetry/datadog?path=%2Fapi%2Fv2%2Flogs&parameters=ddsource%3Dbrowser%26dd-api-key%3Dpub80bea74eec96ecfc73fa52f86798cadf%26dd-evp-origin-version%3D6.28.1%26dd-evp-origin%3Dbrowser%26dd-request-id%3De2dba529-94c9-4654-912d-0ef7a936f9be:0
[65713908ms] [ERROR] Failed to load resource: net::ERR_INTERNET_DISCONNECTED @ https://share.streamlit.io/api/v1/telemetry/datadog?path=%2Fapi%2Fv2%2Flogs&parameters=ddsource%3Dbrowser%26dd-api-key%3Dpub80bea74eec96ecfc73fa52f86798cadf%26dd-evp-origin-version%3D6.28.1%26dd-evp-origin%3Dbrowser%26dd-request-id%3D4ff024f7-86d2-43e9-a1ed-1b679ed69733:0
[65717007ms] [ERROR] Failed to load resource: net::ERR_NETWORK_CHANGED @ https://share.streamlit.io/api/v2/user:0
[65717008ms] [ERROR] Failed to load resource: net::ERR_NETWORK_CHANGED @ https://share.streamlit.io/api/v2/favorited-apps:0
[65717008ms] [ERROR] Failed to load resource: net::ERR_NETWORK_CHANGED @ https://share.streamlit.io/api/v2/feature-flags:0
[65717009ms] [ERROR] Failed to load resource: net::ERR_NETWORK_CHANGED @ https://share.streamlit.io/api/v2/user/workspaces/f5a03d46-f71d-465e-9b05-d6094a4af3ca:0
[65717009ms] [ERROR] Failed to load resource: net::ERR_NETWORK_CHANGED @ https://share.streamlit.io/api/v1/telemetry/datadog?path=%2Fapi%2Fv2%2Flogs&parameters=ddsource%3Dbrowser%26dd-api-key%3Dpub80bea74eec96ecfc73fa52f86798cadf%26dd-evp-origin-version%3D6.28.1%26dd-evp-origin%3Dbrowser%26dd-request-id%3Dbf9da5fe-7bd0-4feb-a2be-a3c8d83db748:0
[65718087ms] [ERROR] Failed to load resource: net::ERR_INTERNET_DISCONNECTED @ https://qjmnz4vd2y07.statuspage.io/api/v2/status.json:0
[65952379ms] [ERROR] Failed to load resource: net::ERR_INTERNET_DISCONNECTED @ https://share.streamlit.io/api/v1/telemetry/datadog?path=%2Fapi%2Fv2%2Flogs&parameters=ddsource%3Dbrowser%26dd-api-key%3Dpub80bea74eec96ecfc73fa52f86798cadf%26dd-evp-origin-version%3D6.28.1%26dd-evp-origin%3Dbrowser%26dd-request-id%3D94a49f30-e9f6-4908-819a-6bea1fab2725:0
[65953389ms] [ERROR] Failed to load resource: net::ERR_INTERNET_DISCONNECTED @ https://share.streamlit.io/api/v1/telemetry/datadog?path=%2Fapi%2Fv2%2Flogs&parameters=ddsource%3Dbrowser%26dd-api-key%3Dpub80bea74eec96ecfc73fa52f86798cadf%26dd-evp-origin-version%3D6.28.1%26dd-evp-origin%3Dbrowser%26dd-request-id%3Dcc79b7e4-d3ea-4fc1-b07c-f7c35488992e:0
[65955397ms] [ERROR] Failed to load resource: net::ERR_INTERNET_DISCONNECTED @ https://share.streamlit.io/api/v1/telemetry/datadog?path=%2Fapi%2Fv2%2Flogs&parameters=ddsource%3Dbrowser%26dd-api-key%3Dpub80bea74eec96ecfc73fa52f86798cadf%26dd-evp-origin-version%3D6.28.1%26dd-evp-origin%3Dbrowser%26dd-request-id%3Df1f765f2-a31a-45fc-9c32-1fc937ef7c9f:0
[65959406ms] [ERROR] Failed to load resource: net::ERR_INTERNET_DISCONNECTED @ https://share.streamlit.io/api/v1/telemetry/datadog?path=%2Fapi%2Fv2%2Flogs&parameters=ddsource%3Dbrowser%26dd-api-key%3Dpub80bea74eec96ecfc73fa52f86798cadf%26dd-evp-origin-version%3D6.28.1%26dd-evp-origin%3Dbrowser%26dd-request-id%3D944a94dc-5982-4da9-8356-36ddf124440a:0
[69843595ms] [ERROR] Failed to load resource: net::ERR_INTERNET_DISCONNECTED @ https://qjmnz4vd2y07.statuspage.io/api/v2/status.json:0
[71557895ms] [ERROR] Failed to load resource: net::ERR_INTERNET_DISCONNECTED @ https://qjmnz4vd2y07.statuspage.io/api/v2/status.json:0
[76852152ms] [ERROR] Failed to load resource: net::ERR_INTERNET_DISCONNECTED @ https://qjmnz4vd2y07.statuspage.io/api/v2/status.json:0
[83705306ms] [ERROR] Failed to load resource: net::ERR_INTERNET_DISCONNECTED @ https://qjmnz4vd2y07.statuspage.io/api/v2/status.json:0
[83709998ms] [ERROR] Failed to load resource: net::ERR_NETWORK_CHANGED @ https://share.streamlit.io/api/v2/user:0
[83711032ms] [ERROR] Failed to load resource: net::ERR_NETWORK_CHANGED @ https://share.streamlit.io/api/v2/favorited-apps:0
[83711032ms] [ERROR] Failed to load resource: net::ERR_NETWORK_CHANGED @ https://share.streamlit.io/api/v2/feature-flags:0
[83711034ms] [ERROR] Failed to load resource: net::ERR_NETWORK_CHANGED @ https://share.streamlit.io/api/v2/codespaces/templates:0
[83711035ms] [ERROR] Failed to load resource: net::ERR_NETWORK_CHANGED @ https://share.streamlit.io/api/v2/user/workspaces/f5a03d46-f71d-465e-9b05-d6094a4af3ca:0
