[    4541ms] [WARNING] A parser-blocking, cross site (i.e. different eTLD+1) script, https://mapapi.qq.com/jsapi_v2/2/4/160/main.js, is invoked via document.write. The network request for this script MAY be blocked by the browser in this or a future page load due to poor network connectivity. If blocked in this page load, it will be confirmed in a subsequent console message. See https://www.chromestatus.com/feature/5718547946799104 for more details. @ https://map.qq.com/api/js?v=2.exp&key=JFABZ-F5BC6-QEOSQ-M2CPA-A55FK-KUFEG:8
[    4542ms] [WARNING] A parser-blocking, cross site (i.e. different eTLD+1) script, https://mapapi.qq.com/jsapi_v2/2/4/160/main.js, is invoked via document.write. The network request for this script MAY be blocked by the browser in this or a future page load due to poor network connectivity. If blocked in this page load, it will be confirmed in a subsequent console message. See https://www.chromestatus.com/feature/5718547946799104 for more details. @ https://map.qq.com/api/js?v=2.exp&key=JFABZ-F5BC6-QEOSQ-M2CPA-A55FK-KUFEG:8
[    5347ms] [LOG] %c console-vue v4.2.20 af2253cd master %c color: #ffffff; background: #137dee; padding:5px 0; background: #fadfa3; padding:5px 0; @ https://console.qmai.cn/login:0
[    5586ms] [LOG] /login pathnamepathname @ https://rscdn.qmai.cn/console/js/chunk-vendors.a9d9940a.js:3
[    6113ms] [WARNING] A parser-blocking, cross site (i.e. different eTLD+1) script, https://mapapi.qq.com/jsapi_v2/2/4/160/main.js, is invoked via document.write. The network request for this script MAY be blocked by the browser in this or a future page load due to poor network connectivity. If blocked in this page load, it will be confirmed in a subsequent console message. See https://www.chromestatus.com/feature/5718547946799104 for more details. @ https://map.qq.com/api/js?v=2.exp&key=JFABZ-F5BC6-QEOSQ-M2CPA-A55FK-KUFEG:8
[    6113ms] [WARNING] A parser-blocking, cross site (i.e. different eTLD+1) script, https://mapapi.qq.com/jsapi_v2/2/4/160/main.js, is invoked via document.write. The network request for this script MAY be blocked by the browser in this or a future page load due to poor network connectivity. If blocked in this page load, it will be confirmed in a subsequent console message. See https://www.chromestatus.com/feature/5718547946799104 for more details. @ https://map.qq.com/api/js?v=2.exp&key=JFABZ-F5BC6-QEOSQ-M2CPA-A55FK-KUFEG:8
[    6131ms] [LOG] %c console-vue v4.2.20 af2253cd master %c color: #ffffff; background: #137dee; padding:5px 0; background: #fadfa3; padding:5px 0; @ https://account.qmai.cn/login:0
[    6258ms] [LOG] /login pathnamepathname @ https://rscdn.qmai.cn/console/js/chunk-vendors.a9d9940a.js:3
[    6365ms] [INFO] Slow network is detected. See https://www.chromestatus.com/feature/5636954674692096 for more details. Fallback font will be used while loading: https://unpkg.qmai.cn/@qmai/iconfont-sealicon@1.1.67/dist/iconfont.woff?t=1782129266123 @ https://rscdn.qmai.cn/npm-packages/qmai-ui/v0.32.7/index.js:1
[    6370ms] [INFO] Slow network is detected. See https://www.chromestatus.com/feature/5636954674692096 for more details. Fallback font will be used while loading: https://unpkg.qmai.cn/@qmai/qmai-ui-next@0.1.0/lib/theme-chalk/fonts/element-icons.woff @ https://rscdn.qmai.cn/npm-packages/qmai-ui/v0.32.7/index.js:1
[    6373ms] [LOG] {default: Array(1)} ----------- undefined @ https://rscdn.qmai.cn/console/js/chunk-vendors.a9d9940a.js:3
[   11240ms] [WARNING] single-spa minified message #1: See https://single-spa.js.org/error/?code=1 @ https://rscdn.qmai.cn/console/js/chunk-vendors.a9d9940a.js:3
[   16096ms] [COUNT] %c%d: 1 @ https://g.alicdn.com/captcha-frontend/FeiLin/1.4.2/feilin089.5eca1b0763a49b587dbb93f59e33369858b6297bf50a46cf503644f32a232ff3.js:0
[   16096ms] [DIR] %c%d font-size:0;color:transparent Error @ https://g.alicdn.com/captcha-frontend/FeiLin/1.4.2/feilin089.5eca1b0763a49b587dbb93f59e33369858b6297bf50a46cf503644f32a232ff3.js:0
[   16096ms] [DIRXML] %c%d font-size:0;color:transparent Error @ https://g.alicdn.com/captcha-frontend/FeiLin/1.4.2/feilin089.5eca1b0763a49b587dbb93f59e33369858b6297bf50a46cf503644f32a232ff3.js:0
[   16096ms] [INFO] %c%d font-size:0;color:transparent NaN @ https://rscdn.qmai.cn/console/js/chunk-vendors.a9d9940a.js:3
[   16096ms] [INFO] %c%d font-size:0;color:transparent NaN @ https://rscdn.qmai.cn/console/js/chunk-vendors.a9d9940a.js:3
[   16096ms] [LOG] %c%d font-size:0;color:transparent NaN @ https://rscdn.qmai.cn/console/js/chunk-vendors.a9d9940a.js:3
[   16096ms] [TABLE] %c%d font-size:0;color:transparent Error @ https://g.alicdn.com/captcha-frontend/FeiLin/1.4.2/feilin089.5eca1b0763a49b587dbb93f59e33369858b6297bf50a46cf503644f32a232ff3.js:0
[   16096ms] [INFO] %c%d font-size:0;color:transparent NaN @ https://rscdn.qmai.cn/console/js/chunk-vendors.a9d9940a.js:3
[   32288ms] [WARNING] A parser-blocking, cross site (i.e. different eTLD+1) script, https://mapapi.qq.com/jsapi_v2/2/4/160/main.js, is invoked via document.write. The network request for this script MAY be blocked by the browser in this or a future page load due to poor network connectivity. If blocked in this page load, it will be confirmed in a subsequent console message. See https://www.chromestatus.com/feature/5718547946799104 for more details. @ https://map.qq.com/api/js?v=2.exp&key=JFABZ-F5BC6-QEOSQ-M2CPA-A55FK-KUFEG:8
[   32288ms] [WARNING] A parser-blocking, cross site (i.e. different eTLD+1) script, https://mapapi.qq.com/jsapi_v2/2/4/160/main.js, is invoked via document.write. The network request for this script MAY be blocked by the browser in this or a future page load due to poor network connectivity. If blocked in this page load, it will be confirmed in a subsequent console message. See https://www.chromestatus.com/feature/5718547946799104 for more details. @ https://map.qq.com/api/js?v=2.exp&key=JFABZ-F5BC6-QEOSQ-M2CPA-A55FK-KUFEG:8
[   32313ms] [LOG] %c console-vue v4.2.20 af2253cd master %c color: #ffffff; background: #137dee; padding:5px 0; background: #fadfa3; padding:5px 0; @ https://console.qmai.cn/:0
[   32416ms] [LOG] / pathnamepathname @ https://rscdn.qmai.cn/console/js/chunk-vendors.a9d9940a.js:3
[   33837ms] [TIMEEND] recursionMenu time: 48.655029296875 ms @ https://rscdn.qmai.cn/console/js/index.ce8487f7.js:1
[   34057ms] [INFO] Slow network is detected. See https://www.chromestatus.com/feature/5636954674692096 for more details. Fallback font will be used while loading: https://unpkg.qmai.cn/@qmai/iconfont-sealicon@1.1.67/dist/iconfont.woff?t=1782129266123 @ https://rscdn.qmai.cn/console/js/chunk-vendors.a9d9940a.js:14
[   35664ms] [WARNING] [vue-i18n] Detected HTML in message '后，该机构内及下级所属机构的管理员都将失效。<br>确认删除组织请输入组织名' of keypath 'organization.index.67iwl2' at 'zh-CN'. Consider component interpolation with '<i18n>' to avoid XSS. See https://bit.ly/2ZqJzkp @ https://rscdn.qmai.cn/console/js/chunk-vendors.a9d9940a.js:3
[   35665ms] [WARNING] [vue-i18n] Detected HTML in message 'After deletion, administrators of this organization and its sub-organizations will be invalidated.<br>Please enter the organization name to confirm deletion.' of keypath 'organization.index.67iwl2' at 'en-US'. Consider component interpolation with '<i18n>' to avoid XSS. See https://bit.ly/2ZqJzkp @ https://rscdn.qmai.cn/console/js/chunk-vendors.a9d9940a.js:3
[   35670ms] [LOG] %c org-vue v2.8.71 3d53d0b4 %c color: #ffffff; background: #137dee; padding:5px 0; background: #fadfa3; padding:5px 0; @ https://rscdn.qmai.cn/console/js/chunk-vendors.a9d9940a.js:3
[   35712ms] [INFO] Download the Vue Devtools extension for a better development experience:
https://github.com/vuejs/vue-devtools @ https://rscdn.qmai.cn/console/js/chunk-vendors.a9d9940a.js:3
[   36102ms] [INFO] Slow network is detected. See https://www.chromestatus.com/feature/5636954674692096 for more details. Fallback font will be used while loading: https://unpkg.qmai.cn/@qmai/qmai-ui-next@0.1.0/lib/theme-chalk/fonts/element-icons.woff @ https://rscdn.qmai.cn/npm-packages/qmai-ui/v0.32.7/index.js:1
[   36102ms] [INFO] Slow network is detected. See https://www.chromestatus.com/feature/5636954674692096 for more details. Fallback font will be used while loading: https://images.qmai.cn/public/file/MiSans-Demibold.subset.ttf @ https://rscdn.qmai.cn/npm-packages/qmai-ui/v0.32.7/index.js:1
[   36830ms] [LOG] currentTime 2025-12-17 15:03:58 @ https://rscdn.qmai.cn/console/js/chunk-vendors.a9d9940a.js:3
[   36830ms] [LOG] latestTime 2026-06-25 22:18:57 @ https://rscdn.qmai.cn/console/js/chunk-vendors.a9d9940a.js:3
[   36831ms] [LOG] 版本落后天数: 190 @ https://rscdn.qmai.cn/console/js/chunk-vendors.a9d9940a.js:3
[   60114ms] [WARNING] [vue-i18n] Detected HTML in message '<p>确认要保存该调拨申请单吗？' of keypath 'apply.edit.295bt5' at 'zh-CN'. Consider component interpolation with '<i18n>' to avoid XSS. See https://bit.ly/2ZqJzkp @ https://rscdn.qmai.cn/console/js/chunk-vendors.a9d9940a.js:3
[   60115ms] [WARNING] [vue-i18n] Detected HTML in message '<p>确认要取消吗？' of keypath 'apply.index.4f4b84' at 'zh-CN'. Consider component interpolation with '<i18n>' to avoid XSS. See https://bit.ly/2ZqJzkp @ https://rscdn.qmai.cn/console/js/chunk-vendors.a9d9940a.js:3
[   60115ms] [WARNING] [vue-i18n] Detected HTML in message '<p>取消后调拨单生成的出库单据也会取消,确认是否取消调拨单？' of keypath 'apply.index.31rg25' at 'zh-CN'. Consider component interpolation with '<i18n>' to avoid XSS. See https://bit.ly/2ZqJzkp @ https://rscdn.qmai.cn/console/js/chunk-vendors.a9d9940a.js:3
[   60115ms] [WARNING] [vue-i18n] Detected HTML in message '<p>确认删除该品项转化卡？' of keypath 'components.convertcard.ib1sx6' at 'zh-CN'. Consider component interpolation with '<i18n>' to avoid XSS. See https://bit.ly/2ZqJzkp @ https://rscdn.qmai.cn/console/js/chunk-vendors.a9d9940a.js:3
[   60115ms] [WARNING] [vue-i18n] Detected HTML in message '<p>确认删除该半成品成本卡？' of keypath 'components.semigoods.837j25' at 'zh-CN'. Consider component interpolation with '<i18n>' to avoid XSS. See https://bit.ly/2ZqJzkp @ https://rscdn.qmai.cn/console/js/chunk-vendors.a9d9940a.js:3
[   60115ms] [WARNING] [vue-i18n] Detected HTML in message '<p>返回上一步将会清空该页面配置的数据，确认是否返回上一步？' of keypath 'sku.index.ic74nr' at 'zh-CN'. Consider component interpolation with '<i18n>' to avoid XSS. See https://bit.ly/2ZqJzkp @ https://rscdn.qmai.cn/console/js/chunk-vendors.a9d9940a.js:3
[   60115ms] [WARNING] [vue-i18n] Detected HTML in message '<p>确认要保存该草稿？' of keypath 'sku.index.s72811' at 'zh-CN'. Consider component interpolation with '<i18n>' to avoid XSS. See https://bit.ly/2ZqJzkp @ https://rscdn.qmai.cn/console/js/chunk-vendors.a9d9940a.js:3
[   60115ms] [WARNING] [vue-i18n] Detected HTML in message '<p>确认要进行下发？' of keypath 'sku.index.6l20w8' at 'zh-CN'. Consider component interpolation with '<i18n>' to avoid XSS. See https://bit.ly/2ZqJzkp @ https://rscdn.qmai.cn/console/js/chunk-vendors.a9d9940a.js:3
[   60115ms] [WARNING] [vue-i18n] Detected HTML in message '<p>删除后规则模板将无法找回，请确认是否删除？' of keypath 'difference.index.u485m6' at 'zh-CN'. Consider component interpolation with '<i18n>' to avoid XSS. See https://bit.ly/2ZqJzkp @ https://rscdn.qmai.cn/console/js/chunk-vendors.a9d9940a.js:3
[   60115ms] [WARNING] [vue-i18n] Detected HTML in message '<p>确认删除该运费规则？' of keypath 'freight.index.t4p43n' at 'zh-CN'. Consider component interpolation with '<i18n>' to avoid XSS. See https://bit.ly/2ZqJzkp @ https://rscdn.qmai.cn/console/js/chunk-vendors.a9d9940a.js:3
[   60115ms] [WARNING] [vue-i18n] Detected HTML in message '<p>删除后套件将无法找回，请确认是否删除？' of keypath 'pack.index.x736zh' at 'zh-CN'. Consider component interpolation with '<i18n>' to avoid XSS. See https://bit.ly/2ZqJzkp @ https://rscdn.qmai.cn/console/js/chunk-vendors.a9d9940a.js:3
[   60115ms] [WARNING] [vue-i18n] Detected HTML in message '<p>删除后模板将无法找回，请确认是否删除？' of keypath 'period.index.m6vc3z' at 'zh-CN'. Consider component interpolation with '<i18n>' to avoid XSS. See https://bit.ly/2ZqJzkp @ https://rscdn.qmai.cn/console/js/chunk-vendors.a9d9940a.js:3
[   60115ms] [WARNING] [vue-i18n] Detected HTML in message '<p>确认是否一键清空？' of keypath 'routing.edit.t4z2ho' at 'zh-CN'. Consider component interpolation with '<i18n>' to avoid XSS. See https://bit.ly/2ZqJzkp @ https://rscdn.qmai.cn/console/js/chunk-vendors.a9d9940a.js:3
[   60115ms] [WARNING] [vue-i18n] Detected HTML in message '<p>删除后品项路由模板将无法找回，请确认是否删除？' of keypath 'routing.index.p003t4' at 'zh-CN'. Consider component interpolation with '<i18n>' to avoid XSS. See https://bit.ly/2ZqJzkp @ https://rscdn.qmai.cn/console/js/chunk-vendors.a9d9940a.js:3
[   60115ms] [WARNING] [vue-i18n] Detected HTML in message '<p>删除后销售价模板将无法找回，请确认是否删除？' of keypath 'saleprice.index.7s1110' at 'zh-CN'. Consider component interpolation with '<i18n>' to avoid XSS. See https://bit.ly/2ZqJzkp @ https://rscdn.qmai.cn/console/js/chunk-vendors.a9d9940a.js:3
[   60116ms] [WARNING] [vue-i18n] Detected HTML in message '<p>确认清退该供应商？' of keypath 'components.supplierdata.85hegd' at 'zh-CN'. Consider component interpolation with '<i18n>' to avoid XSS. See https://bit.ly/2ZqJzkp @ https://rscdn.qmai.cn/console/js/chunk-vendors.a9d9940a.js:3
[   60116ms] [WARNING] [vue-i18n] Detected HTML in message '<p>用户姓名: {0}</p><p>手机号: {1}</p><p>供应商: {2}</p>' of keypath 'components.suppliertake.86362a' at 'zh-CN'. Consider component interpolation with '<i18n>' to avoid XSS. See https://bit.ly/2ZqJzkp @ https://rscdn.qmai.cn/console/js/chunk-vendors.a9d9940a.js:3
[   60116ms] [WARNING] [vue-i18n] Detected HTML in message '<p>确认要完结费用单吗？' of keypath 'list.index.ncgyq4' at 'zh-CN'. Consider component interpolation with '<i18n>' to avoid XSS. See https://bit.ly/2ZqJzkp @ https://rscdn.qmai.cn/console/js/chunk-vendors.a9d9940a.js:3
[   60116ms] [WARNING] [vue-i18n] Detected HTML in message '<p>确认要作废吗？' of keypath 'list.index.rg42d3' at 'zh-CN'. Consider component interpolation with '<i18n>' to avoid XSS. See https://bit.ly/2ZqJzkp @ https://rscdn.qmai.cn/console/js/chunk-vendors.a9d9940a.js:3
[   60116ms] [WARNING] [vue-i18n] Detected HTML in message '<p>确认要删除费用规则吗？' of keypath 'rule.index.xcd832' at 'zh-CN'. Consider component interpolation with '<i18n>' to avoid XSS. See https://bit.ly/2ZqJzkp @ https://rscdn.qmai.cn/console/js/chunk-vendors.a9d9940a.js:3
[   60116ms] [WARNING] [vue-i18n] Detected HTML in message '<p>确认要生成费用单吗？' of keypath 'rule.index.qb24f6' at 'zh-CN'. Consider component interpolation with '<i18n>' to avoid XSS. See https://bit.ly/2ZqJzkp @ https://rscdn.qmai.cn/console/js/chunk-vendors.a9d9940a.js:3
[   60116ms] [WARNING] [vue-i18n] Detected HTML in message '<p>确认改订单已送达？' of keypath 'components.order.516oq4' at 'zh-CN'. Consider component interpolation with '<i18n>' to avoid XSS. See https://bit.ly/2ZqJzkp @ https://rscdn.qmai.cn/console/js/chunk-vendors.a9d9940a.js:3
[   60116ms] [WARNING] [vue-i18n] Detected HTML in message '<p>是否要批量签收选择的配送单？' of keypath 'deliver.index.u11cei' at 'zh-CN'. Consider component interpolation with '<i18n>' to avoid XSS. See https://bit.ly/2ZqJzkp @ https://rscdn.qmai.cn/console/js/chunk-vendors.a9d9940a.js:3
[   60116ms] [WARNING] [vue-i18n] Detected HTML in message '<p>是否要上传物流单号？' of keypath 'deliver.index.bb2yw4' at 'zh-CN'. Consider component interpolation with '<i18n>' to avoid XSS. See https://bit.ly/2ZqJzkp @ https://rscdn.qmai.cn/console/js/chunk-vendors.a9d9940a.js:3
[   60116ms] [WARNING] [vue-i18n] Detected HTML in message '<p>是否要批量完成选择的订货单？' of keypath 'indent.index.6p4fk5' at 'zh-CN'. Consider component interpolation with '<i18n>' to avoid XSS. See https://bit.ly/2ZqJzkp @ https://rscdn.qmai.cn/console/js/chunk-vendors.a9d9940a.js:3
[   60116ms] [WARNING] [vue-i18n] Detected HTML in message '<p>确认删除该效期规则？' of keypath 'rule.index.lm6xa7' at 'zh-CN'. Consider component interpolation with '<i18n>' to avoid XSS. See https://bit.ly/2ZqJzkp @ https://rscdn.qmai.cn/console/js/chunk-vendors.a9d9940a.js:3
[   60116ms] [WARNING] [vue-i18n] Detected HTML in message '<p>确认作废该预测单？' of keypath 'forecast.index.hlxzh6' at 'zh-CN'. Consider component interpolation with '<i18n>' to avoid XSS. See https://bit.ly/2ZqJzkp @ https://rscdn.qmai.cn/console/js/chunk-vendors.a9d9940a.js:3
[   60116ms] [WARNING] [vue-i18n] Detected HTML in message '<p>确认作废选中的预测单？' of keypath 'forecast.index.5hqos4' at 'zh-CN'. Consider component interpolation with '<i18n>' to avoid XSS. See https://bit.ly/2ZqJzkp @ https://rscdn.qmai.cn/console/js/chunk-vendors.a9d9940a.js:3
[   60116ms] [WARNING] [vue-i18n] Detected HTML in message '<p>确认批量删除？' of keypath 'thousand.edit.7t62ow' at 'zh-CN'. Consider component interpolation with '<i18n>' to avoid XSS. See https://bit.ly/2ZqJzkp @ https://rscdn.qmai.cn/console/js/chunk-vendors.a9d9940a.js:3
[   60116ms] [WARNING] [vue-i18n] Detected HTML in message '<p>确认更新千元用量？' of keypath 'thousand.index.9z748j' at 'zh-CN'. Consider component interpolation with '<i18n>' to avoid XSS. See https://bit.ly/2ZqJzkp @ https://rscdn.qmai.cn/console/js/chunk-vendors.a9d9940a.js:3
[   60116ms] [WARNING] [vue-i18n] Detected HTML in message '<p>确认保存改规则？' of keypath 'rule.edit.0w2405' at 'zh-CN'. Consider component interpolation with '<i18n>' to avoid XSS. See https://bit.ly/2ZqJzkp @ https://rscdn.qmai.cn/console/js/chunk-vendors.a9d9940a.js:3
[   60117ms] [WARNING] [vue-i18n] Detected HTML in message '<p>确认作废该规则？' of keypath 'rule.index.8v28nj' at 'zh-CN'. Consider component interpolation with '<i18n>' to avoid XSS. See https://bit.ly/2ZqJzkp @ https://rscdn.qmai.cn/console/js/chunk-vendors.a9d9940a.js:3
[   60117ms] [WARNING] [vue-i18n] Detected HTML in message '<p>确认要进行接单？' of keypath 'declare.detail.r2h736' at 'zh-CN'. Consider component interpolation with '<i18n>' to avoid XSS. See https://bit.ly/2ZqJzkp @ https://rscdn.qmai.cn/console/js/chunk-vendors.a9d9940a.js:3
[   60117ms] [WARNING] [vue-i18n] Detected HTML in message '<p>分单后会按照配送方式将报货单进行拆分生成门店订货单与采购申请单' of keypath 'declare.index.usv34j' at 'zh-CN'. Consider component interpolation with '<i18n>' to avoid XSS. See https://bit.ly/2ZqJzkp @ https://rscdn.qmai.cn/console/js/chunk-vendors.a9d9940a.js:3
[   60117ms] [WARNING] [vue-i18n] Detected HTML in message '<p>此操作将把报货单回滚到待接单状态，请确认是否继续' of keypath 'declare.index.5kvu99' at 'zh-CN'. Consider component interpolation with '<i18n>' to avoid XSS. See https://bit.ly/2ZqJzkp @ https://rscdn.qmai.cn/console/js/chunk-vendors.a9d9940a.js:3
[   60117ms] [WARNING] [vue-i18n] Detected HTML in message '<p>是否要批量完成选择的报货单？' of keypath 'declare.index.c2vv2j' at 'zh-CN'. Consider component interpolation with '<i18n>' to avoid XSS. See https://bit.ly/2ZqJzkp @ https://rscdn.qmai.cn/console/js/chunk-vendors.a9d9940a.js:3
[   60117ms] [WARNING] [vue-i18n] Detected HTML in message '<p>确认要取消该报货单？' of keypath 'declare.index.75o8c3' at 'zh-CN'. Consider component interpolation with '<i18n>' to avoid XSS. See https://bit.ly/2ZqJzkp @ https://rscdn.qmai.cn/console/js/chunk-vendors.a9d9940a.js:3
[   60117ms] [WARNING] [vue-i18n] Detected HTML in message '<p>确认该主体进行代结算？' of keypath 'declare.index.41rh8e' at 'zh-CN'. Consider component interpolation with '<i18n>' to avoid XSS. See https://bit.ly/2ZqJzkp @ https://rscdn.qmai.cn/console/js/chunk-vendors.a9d9940a.js:3
[   60117ms] [WARNING] [vue-i18n] Detected HTML in message '<p>是否要批量取消选择的报货单？' of keypath 'declare.index.72454m' at 'zh-CN'. Consider component interpolation with '<i18n>' to avoid XSS. See https://bit.ly/2ZqJzkp @ https://rscdn.qmai.cn/console/js/chunk-vendors.a9d9940a.js:3
[   60117ms] [WARNING] [vue-i18n] Detected HTML in message '<p>确认提交该次退款？' of keypath 'declare.index.u32mk4' at 'zh-CN'. Consider component interpolation with '<i18n>' to avoid XSS. See https://bit.ly/2ZqJzkp @ https://rscdn.qmai.cn/console/js/chunk-vendors.a9d9940a.js:3
[   60117ms] [WARNING] [vue-i18n] Detected HTML in message '<p>是否要完成选择的订货单？' of keypath 'indent.index.q5eb46' at 'zh-CN'. Consider component interpolation with '<i18n>' to avoid XSS. See https://bit.ly/2ZqJzkp @ https://rscdn.qmai.cn/console/js/chunk-vendors.a9d9940a.js:3
[   60117ms] [WARNING] [vue-i18n] Detected HTML in message '<p>是否要取消选择的订货单？' of keypath 'indent.index.pfq55p' at 'zh-CN'. Consider component interpolation with '<i18n>' to avoid XSS. See https://bit.ly/2ZqJzkp @ https://rscdn.qmai.cn/console/js/chunk-vendors.a9d9940a.js:3
[   60117ms] [WARNING] [vue-i18n] Detected HTML in message '<p>是否要要对选择的订货单进行加急？' of keypath 'indent.index.n6u5f5' at 'zh-CN'. Consider component interpolation with '<i18n>' to avoid XSS. See https://bit.ly/2ZqJzkp @ https://rscdn.qmai.cn/console/js/chunk-vendors.a9d9940a.js:3
[   60117ms] [WARNING] [vue-i18n] Detected HTML in message '<p>确认删除该bom？' of keypath 'bom.index.s6hi6r' at 'zh-CN'. Consider component interpolation with '<i18n>' to avoid XSS. See https://bit.ly/2ZqJzkp @ https://rscdn.qmai.cn/console/js/chunk-vendors.a9d9940a.js:3
[   60117ms] [WARNING] [vue-i18n] Detected HTML in message '<p>确认删除选择的BOM档案？' of keypath 'bom.index.ak8dce' at 'zh-CN'. Consider component interpolation with '<i18n>' to avoid XSS. See https://bit.ly/2ZqJzkp @ https://rscdn.qmai.cn/console/js/chunk-vendors.a9d9940a.js:3
[   60117ms] [WARNING] [vue-i18n] Detected HTML in message '协议价是指采购方与供应商之间通过协商达成的一种固定采购价格，不可随意修改。<br/>实采价是指采购方与供应商之间在采购过程中可以灵活调整的非固定采购价格。' of keypath 'agreement.edit.x8kr3r' at 'zh-CN'. Consider component interpolation with '<i18n>' to avoid XSS. See https://bit.ly/2ZqJzkp @ https://rscdn.qmai.cn/console/js/chunk-vendors.a9d9940a.js:3
[   60117ms] [WARNING] [vue-i18n] Detected HTML in message '协议采购单价即供应商的供货价，在采购时可优先使用协议采购单价。<br/>说明:供应商添加品项采购协议时，协议订货单价会默认读取品项管理中的订货单价转化采购单位后的价格。' of keypath 'agreement.edit.m6xe4t' at 'zh-CN'. Consider component interpolation with '<i18n>' to avoid XSS. See https://bit.ly/2ZqJzkp @ https://rscdn.qmai.cn/console/js/chunk-vendors.a9d9940a.js:3
[   60117ms] [WARNING] [vue-i18n] Detected HTML in message '协议采购单价是否允许采购订单修改，以及可修改的范围区间，0%为不可修改;<br/>例如:允许浮动5%，那采购申请单、采购订单的采购单价可在协议订货单价基础上上下修改范围为5%' of keypath 'agreement.edit.88s8y1' at 'zh-CN'. Consider component interpolation with '<i18n>' to avoid XSS. See https://bit.ly/2ZqJzkp @ https://rscdn.qmai.cn/console/js/chunk-vendors.a9d9940a.js:3
[   60118ms] [WARNING] [vue-i18n] Detected HTML in message '采购过程中实际入库数量与采购订单的采购数量之间差异程度的阈值。<br/>计算公式为:超收比例=(实际入库数量-计划采购数量)/计划采购数量 x100%' of keypath 'agreement.edit.65gm6i' at 'zh-CN'. Consider component interpolation with '<i18n>' to avoid XSS. See https://bit.ly/2ZqJzkp @ https://rscdn.qmai.cn/console/js/chunk-vendors.a9d9940a.js:3
[   60118ms] [WARNING] [vue-i18n] Detected HTML in message '<p>确认作废该采购协议？' of keypath 'agreement.index.e5g7oc' at 'zh-CN'. Consider component interpolation with '<i18n>' to avoid XSS. See https://bit.ly/2ZqJzkp @ https://rscdn.qmai.cn/console/js/chunk-vendors.a9d9940a.js:3
[   60118ms] [WARNING] [vue-i18n] Detected HTML in message '<p>是否确认出库？' of keypath 'delivery.index.a8j4t1' at 'zh-CN'. Consider component interpolation with '<i18n>' to avoid XSS. See https://bit.ly/2ZqJzkp @ https://rscdn.qmai.cn/console/js/chunk-vendors.a9d9940a.js:3
[   60118ms] [WARNING] [vue-i18n] Detected HTML in message '<p>完结关单后，入库单状态将更新为已入库且无法再次入库，是否继续？' of keypath 'entrance.edit.l70881' at 'zh-CN'. Consider component interpolation with '<i18n>' to avoid XSS. See https://bit.ly/2ZqJzkp @ https://rscdn.qmai.cn/console/js/chunk-vendors.a9d9940a.js:3
[   60118ms] [WARNING] [vue-i18n] Detected HTML in message '<p>确认入库吗？' of keypath 'entrance.index.8114sm' at 'zh-CN'. Consider component interpolation with '<i18n>' to avoid XSS. See https://bit.ly/2ZqJzkp @ https://rscdn.qmai.cn/console/js/chunk-vendors.a9d9940a.js:3
[   60118ms] [WARNING] [vue-i18n] Detected HTML in message '<p>是否确认一键入库？' of keypath 'entrance.index.9j583i' at 'zh-CN'. Consider component interpolation with '<i18n>' to avoid XSS. See https://bit.ly/2ZqJzkp @ https://rscdn.qmai.cn/console/js/chunk-vendors.a9d9940a.js:3
[   60118ms] [WARNING] [vue-i18n] Detected HTML in message '<p>确认关闭该盘点单？' of keypath 'stocklist.detail.ij7385' at 'zh-CN'. Consider component interpolation with '<i18n>' to avoid XSS. See https://bit.ly/2ZqJzkp @ https://rscdn.qmai.cn/console/js/chunk-vendors.a9d9940a.js:3
[   60118ms] [WARNING] [vue-i18n] Detected HTML in message '<p>剩余{0}条未盘品项，是否一键置为0？' of keypath 'stocklist.detail.e0f525' at 'zh-CN'. Consider component interpolation with '<i18n>' to avoid XSS. See https://bit.ly/2ZqJzkp @ https://rscdn.qmai.cn/console/js/chunk-vendors.a9d9940a.js:3
[   60118ms] [WARNING] [vue-i18n] Detected HTML in message '<p>当前盘点单所在地存在待完结出入库单据，是否前往处理？' of keypath 'stocklist.index.u0eu4a' at 'zh-CN'. Consider component interpolation with '<i18n>' to avoid XSS. See https://bit.ly/2ZqJzkp @ https://rscdn.qmai.cn/console/js/chunk-vendors.a9d9940a.js:3
[   60118ms] [WARNING] [vue-i18n] Detected HTML in message '<p>是否确认生成盘点调整单？' of keypath 'stocklist.index.b9wf7y' at 'zh-CN'. Consider component interpolation with '<i18n>' to avoid XSS. See https://bit.ly/2ZqJzkp @ https://rscdn.qmai.cn/console/js/chunk-vendors.a9d9940a.js:3
[   60118ms] [WARNING] [vue-i18n] Detected HTML in message '<p>是否要生成盘点单？' of keypath 'stockplan.index.6vf1d1' at 'zh-CN'. Consider component interpolation with '<i18n>' to avoid XSS. See https://bit.ly/2ZqJzkp @ https://rscdn.qmai.cn/console/js/chunk-vendors.a9d9940a.js:3
[   60118ms] [WARNING] [vue-i18n] Detected HTML in message '<p>确认审核该调整单？' of keypath 'stockresize.index.wjqm6a' at 'zh-CN'. Consider component interpolation with '<i18n>' to avoid XSS. See https://bit.ly/2ZqJzkp @ https://rscdn.qmai.cn/console/js/chunk-vendors.a9d9940a.js:3
[   60118ms] [WARNING] [vue-i18n] Detected HTML in message '<p>确认作废该调整单？' of keypath 'stockresize.index.x2c7m4' at 'zh-CN'. Consider component interpolation with '<i18n>' to avoid XSS. See https://bit.ly/2ZqJzkp @ https://rscdn.qmai.cn/console/js/chunk-vendors.a9d9940a.js:3
[   60118ms] [WARNING] [vue-i18n] Detected HTML in message '<p>确认基于该作废调整单重新生成盘点单吗？' of keypath 'stockresize.index.reGen' at 'zh-CN'. Consider component interpolation with '<i18n>' to avoid XSS. See https://bit.ly/2ZqJzkp @ https://rscdn.qmai.cn/console/js/chunk-vendors.a9d9940a.js:3
[   60118ms] [WARNING] [vue-i18n] Detected HTML in message '<p>是否确认取消？' of keypath 'putform.index.3d3mw2' at 'zh-CN'. Consider component interpolation with '<i18n>' to avoid XSS. See https://bit.ly/2ZqJzkp @ https://rscdn.qmai.cn/console/js/chunk-vendors.a9d9940a.js:3
[   60118ms] [WARNING] [vue-i18n] Detected HTML in message '<p>是否要批量执行选择的作业波次？' of keypath 'task.index.xw77cn' at 'zh-CN'. Consider component interpolation with '<i18n>' to avoid XSS. See https://bit.ly/2ZqJzkp @ https://rscdn.qmai.cn/console/js/chunk-vendors.a9d9940a.js:3
[   60118ms] [WARNING] [vue-i18n] Detected HTML in message '<p>是否要批量作废选择的作业波次？' of keypath 'task.index.rq8397' at 'zh-CN'. Consider component interpolation with '<i18n>' to avoid XSS. See https://bit.ly/2ZqJzkp @ https://rscdn.qmai.cn/console/js/chunk-vendors.a9d9940a.js:3
[   60119ms] [WARNING] [vue-i18n] Detected HTML in message '<p>请在补推操作前确认当前三方报错已经解决后进行补推</p><p>是否确认将所选订单进行补推?</p>' of keypath 'abnormal.index.b0t725' at 'zh-CN'. Consider component interpolation with '<i18n>' to avoid XSS. See https://bit.ly/2ZqJzkp @ https://rscdn.qmai.cn/console/js/chunk-vendors.a9d9940a.js:3
[   60119ms] [WARNING] [vue-i18n] Detected HTML in message '<p>请注意，标记正常后该条记录将无法同步三方</p><p>请确认是否要将所选订单标记为正常?</p>' of keypath 'abnormal.index.07b2r7' at 'zh-CN'. Consider component interpolation with '<i18n>' to avoid XSS. See https://bit.ly/2ZqJzkp @ https://rscdn.qmai.cn/console/js/chunk-vendors.a9d9940a.js:3
[   60119ms] [WARNING] [vue-i18n] Detected HTML in message '<p>请在补推操作前确认当前三方报错已经解决后进行补推</p><p>是否确认将本次请求进行补推?</p>' of keypath 'abnormal.index.g8690p' at 'zh-CN'. Consider component interpolation with '<i18n>' to avoid XSS. See https://bit.ly/2ZqJzkp @ https://rscdn.qmai.cn/console/js/chunk-vendors.a9d9940a.js:3
[   60119ms] [WARNING] [vue-i18n] Detected HTML in message '<p>请注意，标记正常后该条记录将无法同步三方</p><p>请确认是否要将本条记录标记为正常?</p>' of keypath 'abnormal.index.tc2lh5' at 'zh-CN'. Consider component interpolation with '<i18n>' to avoid XSS. See https://bit.ly/2ZqJzkp @ https://rscdn.qmai.cn/console/js/chunk-vendors.a9d9940a.js:3
[   60119ms] [WARNING] [vue-i18n] Detected HTML in message '<p>确认删除该枚举？' of keypath 'enumerate.index.3j115b' at 'zh-CN'. Consider component interpolation with '<i18n>' to avoid XSS. See https://bit.ly/2ZqJzkp @ https://rscdn.qmai.cn/console/js/chunk-vendors.a9d9940a.js:3
[   60119ms] [WARNING] [vue-i18n] Detected HTML in message '提示：<br />1、覆盖：清空目标门店现有品项档案（保留库存>0的品项），使用模板门店数据完全覆盖 <br />2、仅新增：仅向目标门店添加，模板门店中存在但目标门店不存在的品项档案，不修改现有数据' of keypath 'sync.edit.83517x' at 'zh-CN'. Consider component interpolation with '<i18n>' to avoid XSS. See https://bit.ly/2ZqJzkp @ https://rscdn.qmai.cn/console/js/chunk-vendors.a9d9940a.js:3
[   60119ms] [WARNING] [vue-i18n] Detected HTML in message '<p>确认要关闭吗？' of keypath 'tool.index.77q626' at 'zh-CN'. Consider component interpolation with '<i18n>' to avoid XSS. See https://bit.ly/2ZqJzkp @ https://rscdn.qmai.cn/console/js/chunk-vendors.a9d9940a.js:3
[   60119ms] [WARNING] [vue-i18n] Detected HTML in message '<p>切换供应商将清空已选择的采购订单，是否确认切换？</p>' of keypath 'allowance.detail.564370' at 'zh-CN'. Consider component interpolation with '<i18n>' to avoid XSS. See https://bit.ly/2ZqJzkp @ https://rscdn.qmai.cn/console/js/chunk-vendors.a9d9940a.js:3
[   60119ms] [WARNING] [vue-i18n] Detected HTML in message '检测到 <strong>{count}</strong> 项配置调整，请确认后保存' of keypath 'settings.index.dialog_confirm_tip' at 'zh-CN'. Consider component interpolation with '<i18n>' to avoid XSS. See https://bit.ly/2ZqJzkp @ https://rscdn.qmai.cn/console/js/chunk-vendors.a9d9940a.js:3
[   60120ms] [WARNING] [vue-i18n] Detected HTML in message '<p>Confirm to save this transfer request?' of keypath 'apply.edit.295bt5' at 'en-US'. Consider component interpolation with '<i18n>' to avoid XSS. See https://bit.ly/2ZqJzkp @ https://rscdn.qmai.cn/console/js/chunk-vendors.a9d9940a.js:3
[   60120ms] [WARNING] [vue-i18n] Detected HTML in message '<p>Confirm to cancel?' of keypath 'apply.index.4f4b84' at 'en-US'. Consider component interpolation with '<i18n>' to avoid XSS. See https://bit.ly/2ZqJzkp @ https://rscdn.qmai.cn/console/js/chunk-vendors.a9d9940a.js:3
[   60120ms] [WARNING] [vue-i18n] Detected HTML in message '<p>Canceling will also cancel the outbound documents generated by this transfer order. Confirm to cancel the transfer order?' of keypath 'apply.index.31rg25' at 'en-US'. Consider component interpolation with '<i18n>' to avoid XSS. See https://bit.ly/2ZqJzkp @ https://rscdn.qmai.cn/console/js/chunk-vendors.a9d9940a.js:3
[   60120ms] [WARNING] [vue-i18n] Detected HTML in message '<p>Confirm to delete this item conversion card?' of keypath 'components.convertcard.qt4hga' at 'en-US'. Consider component interpolation with '<i18n>' to avoid XSS. See https://bit.ly/2ZqJzkp @ https://rscdn.qmai.cn/console/js/chunk-vendors.a9d9940a.js:3
[   60120ms] [WARNING] [vue-i18n] Detected HTML in message '<p>Confirm to delete this semi-finished product cost card?' of keypath 'components.semigoods.507456' at 'en-US'. Consider component interpolation with '<i18n>' to avoid XSS. See https://bit.ly/2ZqJzkp @ https://rscdn.qmai.cn/console/js/chunk-vendors.a9d9940a.js:3
[   60120ms] [WARNING] [vue-i18n] Detected HTML in message '<p>Returning to the previous step will clear the data configured on this page. Are you sure you want to return to the previous step?' of keypath 'sku.index.ic74nr' at 'en-US'. Consider component interpolation with '<i18n>' to avoid XSS. See https://bit.ly/2ZqJzkp @ https://rscdn.qmai.cn/console/js/chunk-vendors.a9d9940a.js:3
[   60120ms] [WARNING] [vue-i18n] Detected HTML in message '<p>Confirm to save this draft?' of keypath 'sku.index.s72811' at 'en-US'. Consider component interpolation with '<i18n>' to avoid XSS. See https://bit.ly/2ZqJzkp @ https://rscdn.qmai.cn/console/js/chunk-vendors.a9d9940a.js:3
[   60120ms] [WARNING] [vue-i18n] Detected HTML in message '<p>Confirm to distribute?' of keypath 'sku.index.6l20w8' at 'en-US'. Consider component interpolation with '<i18n>' to avoid XSS. See https://bit.ly/2ZqJzkp @ https://rscdn.qmai.cn/console/js/chunk-vendors.a9d9940a.js:3
[   60120ms] [WARNING] [vue-i18n] Detected HTML in message '<p>The rule template cannot be retrieved after deletion. Please confirm whether to delete?' of keypath 'difference.index.u485m6' at 'en-US'. Consider component interpolation with '<i18n>' to avoid XSS. See https://bit.ly/2ZqJzkp @ https://rscdn.qmai.cn/console/js/chunk-vendors.a9d9940a.js:3
[   60120ms] [WARNING] [vue-i18n] Detected HTML in message '<p>Confirm delete this shipping rule?' of keypath 'freight.index.t4p43n' at 'en-US'. Consider component interpolation with '<i18n>' to avoid XSS. See https://bit.ly/2ZqJzkp @ https://rscdn.qmai.cn/console/js/chunk-vendors.a9d9940a.js:3
[   60120ms] [WARNING] [vue-i18n] Detected HTML in message '<p>The kit will be unrecoverable after deletion. Are you sure you want to delete it?</p>' of keypath 'pack.index.x736zh' at 'en-US'. Consider component interpolation with '<i18n>' to avoid XSS. See https://bit.ly/2ZqJzkp @ https://rscdn.qmai.cn/console/js/chunk-vendors.a9d9940a.js:3
[   60120ms] [WARNING] [vue-i18n] Detected HTML in message '<p>The template will be unrecoverable after deletion. Are you sure you want to delete it?</p>' of keypath 'period.index.m6vc3z' at 'en-US'. Consider component interpolation with '<i18n>' to avoid XSS. See https://bit.ly/2ZqJzkp @ https://rscdn.qmai.cn/console/js/chunk-vendors.a9d9940a.js:3
[   60120ms] [WARNING] [vue-i18n] Detected HTML in message '<p>Confirm to clear all?</p>' of keypath 'routing.edit.t4z2ho' at 'en-US'. Consider component interpolation with '<i18n>' to avoid XSS. See https://bit.ly/2ZqJzkp @ https://rscdn.qmai.cn/console/js/chunk-vendors.a9d9940a.js:3
[   60120ms] [WARNING] [vue-i18n] Detected HTML in message '<p>The item routing template will not be recoverable after deletion. Are you sure you want to delete it?</p>' of keypath 'routing.index.p003t4' at 'en-US'. Consider component interpolation with '<i18n>' to avoid XSS. See https://bit.ly/2ZqJzkp @ https://rscdn.qmai.cn/console/js/chunk-vendors.a9d9940a.js:3
[   60120ms] [WARNING] [vue-i18n] Detected HTML in message '<p>The sales price template will not be recoverable after deletion. Are you sure you want to delete it?</p>' of keypath 'saleprice.index.7s1110' at 'en-US'. Consider component interpolation with '<i18n>' to avoid XSS. See https://bit.ly/2ZqJzkp @ https://rscdn.qmai.cn/console/js/chunk-vendors.a9d9940a.js:3
[   60120ms] [WARNING] [vue-i18n] Detected HTML in message '<p>Confirm to clear this supplier?</p>' of keypath 'components.supplierdata.85hegd' at 'en-US'. Consider component interpolation with '<i18n>' to avoid XSS. See https://bit.ly/2ZqJzkp @ https://rscdn.qmai.cn/console/js/chunk-vendors.a9d9940a.js:3
[   60121ms] [WARNING] [vue-i18n] Detected HTML in message '<p>User Name: {0}</p><p>Mobile Number: {1}</p><p>Supplier: {2}</p>' of keypath 'components.suppliertake.86362a' at 'en-US'. Consider component interpolation with '<i18n>' to avoid XSS. See https://bit.ly/2ZqJzkp @ https://rscdn.qmai.cn/console/js/chunk-vendors.a9d9940a.js:3
[   60121ms] [WARNING] [vue-i18n] Detected HTML in message '<p>Batch complete the selected orders?' of keypath 'indent.index.6p4fk5' at 'en-US'. Consider component interpolation with '<i18n>' to avoid XSS. See https://bit.ly/2ZqJzkp @ https://rscdn.qmai.cn/console/js/chunk-vendors.a9d9940a.js:3
[   60121ms] [WARNING] [vue-i18n] Detected HTML in message '<p>Confirm Save This Rule?' of keypath 'rule.edit.0w2405' at 'en-US'. Consider component interpolation with '<i18n>' to avoid XSS. See https://bit.ly/2ZqJzkp @ https://rscdn.qmai.cn/console/js/chunk-vendors.a9d9940a.js:3
[   60121ms] [WARNING] [vue-i18n] Detected HTML in message '<p>Confirm Invalidate This Rule?' of keypath 'rule.index.8v28nj' at 'en-US'. Consider component interpolation with '<i18n>' to avoid XSS. See https://bit.ly/2ZqJzkp @ https://rscdn.qmai.cn/console/js/chunk-vendors.a9d9940a.js:3
[   60121ms] [WARNING] [vue-i18n] Detected HTML in message '<p>Confirm to accept the order?' of keypath 'declare.detail.r2h736' at 'en-US'. Consider component interpolation with '<i18n>' to avoid XSS. See https://bit.ly/2ZqJzkp @ https://rscdn.qmai.cn/console/js/chunk-vendors.a9d9940a.js:3
[   60121ms] [WARNING] [vue-i18n] Detected HTML in message '<p>After splitting the order, the order will be split according to the delivery method to generate store orders and purchase requests' of keypath 'declare.index.usv34j' at 'en-US'. Consider component interpolation with '<i18n>' to avoid XSS. See https://bit.ly/2ZqJzkp @ https://rscdn.qmai.cn/console/js/chunk-vendors.a9d9940a.js:3
[   60121ms] [WARNING] [vue-i18n] Detected HTML in message '<p>This operation will roll back the order to the pending acceptance status, please confirm whether to continue' of keypath 'declare.index.5kvu99' at 'en-US'. Consider component interpolation with '<i18n>' to avoid XSS. See https://bit.ly/2ZqJzkp @ https://rscdn.qmai.cn/console/js/chunk-vendors.a9d9940a.js:3
[   60121ms] [WARNING] [vue-i18n] Detected HTML in message '<p>Do you want to complete the selected orders in batch?' of keypath 'declare.index.c2vv2j' at 'en-US'. Consider component interpolation with '<i18n>' to avoid XSS. See https://bit.ly/2ZqJzkp @ https://rscdn.qmai.cn/console/js/chunk-vendors.a9d9940a.js:3
[   60121ms] [WARNING] [vue-i18n] Detected HTML in message '<p>Confirm to cancel this order?' of keypath 'declare.index.75o8c3' at 'en-US'. Consider component interpolation with '<i18n>' to avoid XSS. See https://bit.ly/2ZqJzkp @ https://rscdn.qmai.cn/console/js/chunk-vendors.a9d9940a.js:3
[   60121ms] [WARNING] [vue-i18n] Detected HTML in message '<p>Confirm settlement on behalf of this entity?' of keypath 'declare.index.41rh8e' at 'en-US'. Consider component interpolation with '<i18n>' to avoid XSS. See https://bit.ly/2ZqJzkp @ https://rscdn.qmai.cn/console/js/chunk-vendors.a9d9940a.js:3
[   60121ms] [WARNING] [vue-i18n] Detected HTML in message '<p>Do you want to cancel the selected orders in batch?' of keypath 'declare.index.72454m' at 'en-US'. Consider component interpolation with '<i18n>' to avoid XSS. See https://bit.ly/2ZqJzkp @ https://rscdn.qmai.cn/console/js/chunk-vendors.a9d9940a.js:3
[   60121ms] [WARNING] [vue-i18n] Detected HTML in message '<p>Confirm to submit this refund?' of keypath 'declare.index.u32mk4' at 'en-US'. Consider component interpolation with '<i18n>' to avoid XSS. See https://bit.ly/2ZqJzkp @ https://rscdn.qmai.cn/console/js/chunk-vendors.a9d9940a.js:3
[   60121ms] [WARNING] [vue-i18n] Detected HTML in message '<p>Do you want to complete the selected orders?' of keypath 'indent.index.q5eb46' at 'en-US'. Consider component interpolation with '<i18n>' to avoid XSS. See https://bit.ly/2ZqJzkp @ https://rscdn.qmai.cn/console/js/chunk-vendors.a9d9940a.js:3
[   60121ms] [WARNING] [vue-i18n] Detected HTML in message '<p>Do you want to cancel the selected orders?' of keypath 'indent.index.pfq55p' at 'en-US'. Consider component interpolation with '<i18n>' to avoid XSS. See https://bit.ly/2ZqJzkp @ https://rscdn.qmai.cn/console/js/chunk-vendors.a9d9940a.js:3
[   60121ms] [WARNING] [vue-i18n] Detected HTML in message '<p>Do you want to expedite the selected orders?' of keypath 'indent.index.n6u5f5' at 'en-US'. Consider component interpolation with '<i18n>' to avoid XSS. See https://bit.ly/2ZqJzkp @ https://rscdn.qmai.cn/console/js/chunk-vendors.a9d9940a.js:3
[   60121ms] [WARNING] [vue-i18n] Detected HTML in message '<p>Confirm delete this BOM?' of keypath 'bom.index.s6hi6r' at 'en-US'. Consider component interpolation with '<i18n>' to avoid XSS. See https://bit.ly/2ZqJzkp @ https://rscdn.qmai.cn/console/js/chunk-vendors.a9d9940a.js:3
[   60121ms] [WARNING] [vue-i18n] Detected HTML in message '<p>Confirm delete selected BOM file(s)?' of keypath 'bom.index.ak8dce' at 'en-US'. Consider component interpolation with '<i18n>' to avoid XSS. See https://bit.ly/2ZqJzkp @ https://rscdn.qmai.cn/console/js/chunk-vendors.a9d9940a.js:3
[   60121ms] [WARNING] [vue-i18n] Detected HTML in message 'The agreement price refers to a fixed purchase price agreed upon between the buyer and the supplier through negotiation, and cannot be modified at will.<br/>The actual purchase price refers to a non-fixed purchase price that can be flexibly adjusted between the buyer and the supplier during the purchase process.' of keypath 'agreement.edit.x8kr3r' at 'en-US'. Consider component interpolation with '<i18n>' to avoid XSS. See https://bit.ly/2ZqJzkp @ https://rscdn.qmai.cn/console/js/chunk-vendors.a9d9940a.js:3
[   60121ms] [WARNING] [vue-i18n] Detected HTML in message 'The agreement purchase unit price is the supplier's supply price, and the agreement purchase unit price can be given priority during procurement.<br/>Note: When the supplier adds an item purchase agreement, the agreement order unit price will default to the price in the item management after converting the purchase unit.' of keypath 'agreement.edit.m6xe4t' at 'en-US'. Consider component interpolation with '<i18n>' to avoid XSS. See https://bit.ly/2ZqJzkp @ https://rscdn.qmai.cn/console/js/chunk-vendors.a9d9940a.js:3
[   60122ms] [WARNING] [vue-i18n] Detected HTML in message 'Whether the agreement purchase unit price is allowed to be modified in the purchase order, and the range of modification, 0% means it cannot be modified;<br/>For example: If a fluctuation of 5% is allowed, the purchase unit price of the purchase request and purchase order can be modified up and down by 5% based on the agreement order unit price.' of keypath 'agreement.edit.88s8y1' at 'en-US'. Consider component interpolation with '<i18n>' to avoid XSS. See https://bit.ly/2ZqJzkp @ https://rscdn.qmai.cn/console/js/chunk-vendors.a9d9940a.js:3
[   60122ms] [WARNING] [vue-i18n] Detected HTML in message 'The threshold for the degree of difference between the actual put-in quantity and the purchase quantity of the purchase order during the purchase process.<br/>The calculation formula is: Over-receipt ratio = (actual put-in quantity - planned purchase quantity) / planned purchase quantity x 100%' of keypath 'agreement.edit.65gm6i' at 'en-US'. Consider component interpolation with '<i18n>' to avoid XSS. See https://bit.ly/2ZqJzkp @ https://rscdn.qmai.cn/console/js/chunk-vendors.a9d9940a.js:3
[   60122ms] [WARNING] [vue-i18n] Detected HTML in message '<p>Confirm to void this purchase agreement?' of keypath 'agreement.index.e5g7oc' at 'en-US'. Consider component interpolation with '<i18n>' to avoid XSS. See https://bit.ly/2ZqJzkp @ https://rscdn.qmai.cn/console/js/chunk-vendors.a9d9940a.js:3
[   60122ms] [WARNING] [vue-i18n] Detected HTML in message '<p>Confirm outbound?' of keypath 'delivery.index.a8j4t1' at 'en-US'. Consider component interpolation with '<i18n>' to avoid XSS. See https://bit.ly/2ZqJzkp @ https://rscdn.qmai.cn/console/js/chunk-vendors.a9d9940a.js:3
[   60122ms] [WARNING] [vue-i18n] Detected HTML in message '<p>After completing and closing, the inbound order status will be updated to Received and cannot be received again. Continue?' of keypath 'entrance.edit.l70881' at 'en-US'. Consider component interpolation with '<i18n>' to avoid XSS. See https://bit.ly/2ZqJzkp @ https://rscdn.qmai.cn/console/js/chunk-vendors.a9d9940a.js:3
[   60122ms] [WARNING] [vue-i18n] Detected HTML in message '<p>Confirm inbound?' of keypath 'entrance.index.8114sm' at 'en-US'. Consider component interpolation with '<i18n>' to avoid XSS. See https://bit.ly/2ZqJzkp @ https://rscdn.qmai.cn/console/js/chunk-vendors.a9d9940a.js:3
[   60122ms] [WARNING] [vue-i18n] Detected HTML in message '<p>Confirm one-click receipt?' of keypath 'entrance.index.9j583i' at 'en-US'. Consider component interpolation with '<i18n>' to avoid XSS. See https://bit.ly/2ZqJzkp @ https://rscdn.qmai.cn/console/js/chunk-vendors.a9d9940a.js:3
[   60122ms] [WARNING] [vue-i18n] Detected HTML in message '<p>Confirm to close this inventory order?' of keypath 'stocklist.detail.ij7385' at 'en-US'. Consider component interpolation with '<i18n>' to avoid XSS. See https://bit.ly/2ZqJzkp @ https://rscdn.qmai.cn/console/js/chunk-vendors.a9d9940a.js:3
[   60122ms] [WARNING] [vue-i18n] Detected HTML in message '<p>Remaining {0} uninventoried items, set all to 0 with one click?' of keypath 'stocklist.detail.e0f525' at 'en-US'. Consider component interpolation with '<i18n>' to avoid XSS. See https://bit.ly/2ZqJzkp @ https://rscdn.qmai.cn/console/js/chunk-vendors.a9d9940a.js:3
[   60122ms] [WARNING] [vue-i18n] Detected HTML in message '<p>There are pending inbound and outbound documents in the location of the current inventory order. Go to process?' of keypath 'stocklist.index.u0eu4a' at 'en-US'. Consider component interpolation with '<i18n>' to avoid XSS. See https://bit.ly/2ZqJzkp @ https://rscdn.qmai.cn/console/js/chunk-vendors.a9d9940a.js:3
[   60122ms] [WARNING] [vue-i18n] Detected HTML in message '<p>Confirm to generate an inventory adjustment order?' of keypath 'stocklist.index.b9wf7y' at 'en-US'. Consider component interpolation with '<i18n>' to avoid XSS. See https://bit.ly/2ZqJzkp @ https://rscdn.qmai.cn/console/js/chunk-vendors.a9d9940a.js:3
[   60122ms] [WARNING] [vue-i18n] Detected HTML in message '<p>Please ensure that the third-party error has been resolved before retrying the push.</p><p>Are you sure you want to retry pushing the selected orders?</p>' of keypath 'abnormal.index.b0t725' at 'en-US'. Consider component interpolation with '<i18n>' to avoid XSS. See https://bit.ly/2ZqJzkp @ https://rscdn.qmai.cn/console/js/chunk-vendors.a9d9940a.js:3
[   60122ms] [WARNING] [vue-i18n] Detected HTML in message '<p>Please note that after marking as normal, this record will not be synchronized with the third party.</p><p>Are you sure you want to mark the selected orders as normal?</p>' of keypath 'abnormal.index.07b2r7' at 'en-US'. Consider component interpolation with '<i18n>' to avoid XSS. See https://bit.ly/2ZqJzkp @ https://rscdn.qmai.cn/console/js/chunk-vendors.a9d9940a.js:3
[   60122ms] [WARNING] [vue-i18n] Detected HTML in message '<p>Please ensure that the third-party error has been resolved before retrying the push.</p><p>Are you sure you want to retry this request?</p>' of keypath 'abnormal.index.g8690p' at 'en-US'. Consider component interpolation with '<i18n>' to avoid XSS. See https://bit.ly/2ZqJzkp @ https://rscdn.qmai.cn/console/js/chunk-vendors.a9d9940a.js:3
[   60122ms] [WARNING] [vue-i18n] Detected HTML in message '<p>Please note that after marking as normal, this record will not be synchronized with the third party.</p><p>Are you sure you want to mark this record as normal?</p>' of keypath 'abnormal.index.tc2lh5' at 'en-US'. Consider component interpolation with '<i18n>' to avoid XSS. See https://bit.ly/2ZqJzkp @ https://rscdn.qmai.cn/console/js/chunk-vendors.a9d9940a.js:3
[   60122ms] [WARNING] [vue-i18n] Detected HTML in message '<p>Confirm delete this enum?' of keypath 'enumerate.index.3j115b' at 'en-US'. Consider component interpolation with '<i18n>' to avoid XSS. See https://bit.ly/2ZqJzkp @ https://rscdn.qmai.cn/console/js/chunk-vendors.a9d9940a.js:3
[   60122ms] [WARNING] [vue-i18n] Detected HTML in message 'Hint: <br />1. Overwrite: Clear the existing item profiles of the target store (keep items with inventory > 0), and completely overwrite with the template store data. <br />2. Add Only: Only add item profiles that exist in the template store but not in the target store to the target store, and do not modify existing data.' of keypath 'sync.edit.83517x' at 'en-US'. Consider component interpolation with '<i18n>' to avoid XSS. See https://bit.ly/2ZqJzkp @ https://rscdn.qmai.cn/console/js/chunk-vendors.a9d9940a.js:3
[   60122ms] [WARNING] [vue-i18n] Detected HTML in message '<p>Are you sure you want to close?' of keypath 'tool.index.77q626' at 'en-US'. Consider component interpolation with '<i18n>' to avoid XSS. See https://bit.ly/2ZqJzkp @ https://rscdn.qmai.cn/console/js/chunk-vendors.a9d9940a.js:3
[   60123ms] [WARNING] [vue-i18n] Detected HTML in message '<p>Switching suppliers will clear the selected purchase orders. Confirm switch?</p>' of keypath 'allowance.detail.564370' at 'en-US'. Consider component interpolation with '<i18n>' to avoid XSS. See https://bit.ly/2ZqJzkp @ https://rscdn.qmai.cn/console/js/chunk-vendors.a9d9940a.js:3
[   60123ms] [WARNING] [vue-i18n] Detected HTML in message '<strong>{count}</strong> config changes detected. Please confirm to save.' of keypath 'settings.index.dialog_confirm_tip' at 'en-US'. Consider component interpolation with '<i18n>' to avoid XSS. See https://bit.ly/2ZqJzkp @ https://rscdn.qmai.cn/console/js/chunk-vendors.a9d9940a.js:3
[   60130ms] [LOG] %c scm-vue v202606261555 3f2961b0 %c color: #ffffff; background: #137dee; padding:5px 0; background: #fadfa3; padding:5px 0; @ https://rscdn.qmai.cn/console/js/chunk-vendors.a9d9940a.js:3
[   60578ms] [ERROR] Failed to load resource: the server responded with a status of 403 () @ https://qmas.qmai.cn/api/19/envelope/?sentry_key=4bdf9b9561fa4f119530c05555ba29a7&sentry_version=7:0
[   61486ms] [ERROR] Failed to load resource: the server responded with a status of 403 () @ https://qmas.qmai.cn/api/19/envelope/?sentry_key=4bdf9b9561fa4f119530c05555ba29a7&sentry_version=7:0
[   68268ms] [ERROR] Failed to load resource: the server responded with a status of 403 () @ https://qmas.qmai.cn/api/19/envelope/?sentry_key=4bdf9b9561fa4f119530c05555ba29a7&sentry_version=7:0
[   83467ms] [ERROR] Failed to load resource: the server responded with a status of 403 () @ https://qmas.qmai.cn/api/19/envelope/?sentry_key=4bdf9b9561fa4f119530c05555ba29a7&sentry_version=7:0
[  262714ms] [ERROR] Failed to load resource: the server responded with a status of 403 () @ https://qmas.qmai.cn/api/19/envelope/?sentry_key=4bdf9b9561fa4f119530c05555ba29a7&sentry_version=7:0
[  277875ms] [ERROR] Failed to load resource: the server responded with a status of 403 () @ https://qmas.qmai.cn/api/19/envelope/?sentry_key=4bdf9b9561fa4f119530c05555ba29a7&sentry_version=7:0
[  286225ms] [LOG] {default: Array(1)} ----------- 品项编码： @ https://rscdn.qmai.cn/console/js/chunk-vendors.a9d9940a.js:3
[  286228ms] [LOG] {default: Array(1)} ----------- 品项名称： @ https://rscdn.qmai.cn/console/js/chunk-vendors.a9d9940a.js:3
[  286228ms] [LOG] {default: Array(1)} ----------- 品项类别： @ https://rscdn.qmai.cn/console/js/chunk-vendors.a9d9940a.js:3
[  286229ms] [LOG] {label: Array(2), default: Array(1)} ----------- 品项标识： @ https://rscdn.qmai.cn/console/js/chunk-vendors.a9d9940a.js:3
[  286229ms] [LOG] {default: Array(1)} ----------- 品项属性： @ https://rscdn.qmai.cn/console/js/chunk-vendors.a9d9940a.js:3
[  286229ms] [LOG] {default: Array(1)} ----------- 规格： @ https://rscdn.qmai.cn/console/js/chunk-vendors.a9d9940a.js:3
[  286229ms] [LOG] {default: Array(1)} ----------- 品牌： @ https://rscdn.qmai.cn/console/js/chunk-vendors.a9d9940a.js:3
[  286229ms] [LOG] {default: Array(1)} ----------- 助记码： @ https://rscdn.qmai.cn/console/js/chunk-vendors.a9d9940a.js:3
[  286229ms] [LOG] {default: Array(2)} ----------- 品项主图： @ https://rscdn.qmai.cn/console/js/chunk-vendors.a9d9940a.js:3
[  286229ms] [LOG] {label: Array(2), default: Array(1)} ----------- 是否称重： @ https://rscdn.qmai.cn/console/js/chunk-vendors.a9d9940a.js:3
[  286229ms] [LOG] {label: Array(2), default: Array(1)} ----------- 研发物料： @ https://rscdn.qmai.cn/console/js/chunk-vendors.a9d9940a.js:3
[  286229ms] [LOG] {label: Array(2), default: Array(1)} ----------- undefined @ https://rscdn.qmai.cn/console/js/chunk-vendors.a9d9940a.js:3
[  286229ms] [LOG] {default: Array(1)} ----------- 保质期： @ https://rscdn.qmai.cn/console/js/chunk-vendors.a9d9940a.js:3
[  286229ms] [LOG] {default: Array(1)} ----------- 存储方式： @ https://rscdn.qmai.cn/console/js/chunk-vendors.a9d9940a.js:3
[  286230ms] [LOG] {label: Array(2), default: Array(1)} ----------- 税 率： @ https://rscdn.qmai.cn/console/js/chunk-vendors.a9d9940a.js:3
[  286230ms] [LOG] {default: Array(1)} ----------- 产 地： @ https://rscdn.qmai.cn/console/js/chunk-vendors.a9d9940a.js:3
[  286230ms] [LOG] {label: Array(2), default: Array(1)} ----------- 条形码： @ https://rscdn.qmai.cn/console/js/chunk-vendors.a9d9940a.js:3
[  286230ms] [LOG] {label: Array(2), default: Array(1)} ----------- 订货条形码： @ https://rscdn.qmai.cn/console/js/chunk-vendors.a9d9940a.js:3
[  286230ms] [LOG] {label: Array(2), default: Array(1)} ----------- 统计科目： @ https://rscdn.qmai.cn/console/js/chunk-vendors.a9d9940a.js:3
[  286230ms] [LOG] {label: Array(2), default: Array(2)} ----------- undefined @ https://rscdn.qmai.cn/console/js/chunk-vendors.a9d9940a.js:3
[  286230ms] [LOG] {label: Array(2), default: Array(2)} ----------- undefined @ https://rscdn.qmai.cn/console/js/chunk-vendors.a9d9940a.js:3
[  286230ms] [LOG] {default: Array(2)} ----------- 库存单位： @ https://rscdn.qmai.cn/console/js/chunk-vendors.a9d9940a.js:3
[  286230ms] [LOG] {default: Array(1)} ----------- undefined @ https://rscdn.qmai.cn/console/js/chunk-vendors.a9d9940a.js:3
[  286230ms] [LOG] {default: Array(1)} ----------- 采购单价： @ https://rscdn.qmai.cn/console/js/chunk-vendors.a9d9940a.js:3
[  286231ms] [LOG] {default: Array(1)} ----------- 订货单价： @ https://rscdn.qmai.cn/console/js/chunk-vendors.a9d9940a.js:3
[  286231ms] [LOG] {default: Array(2)} ----------- 盘点类型： @ https://rscdn.qmai.cn/console/js/chunk-vendors.a9d9940a.js:3
[  286231ms] [LOG] {label: Array(2), default: Array(1)} ----------- 下单排序： @ https://rscdn.qmai.cn/console/js/chunk-vendors.a9d9940a.js:3
[  286231ms] [LOG] {label: Array(2), default: Array(1)} ----------- 库存上限： @ https://rscdn.qmai.cn/console/js/chunk-vendors.a9d9940a.js:3
[  286231ms] [LOG] {label: Array(2), default: Array(1)} ----------- 库存下限： @ https://rscdn.qmai.cn/console/js/chunk-vendors.a9d9940a.js:3
[  286231ms] [LOG] {default: Array(1)} ----------- 补货策略： @ https://rscdn.qmai.cn/console/js/chunk-vendors.a9d9940a.js:3
[  286231ms] [LOG] {label: Array(2), default: Array(1)} ----------- 开票税率： @ https://rscdn.qmai.cn/console/js/chunk-vendors.a9d9940a.js:3
[  286232ms] [LOG] {default: Array(2)} ----------- 品项详情主图： @ https://rscdn.qmai.cn/console/js/chunk-vendors.a9d9940a.js:3
[  286237ms] [LOG] {default: Array(2)} ----------- 品项说明： @ https://rscdn.qmai.cn/console/js/chunk-vendors.a9d9940a.js:3
[  286237ms] [LOG] {default: Array(2)} ----------- 品项详情底图： @ https://rscdn.qmai.cn/console/js/chunk-vendors.a9d9940a.js:3
[  286404ms] [ERROR] Failed to load resource: the server responded with a status of 403 () @ https://qmas.qmai.cn/api/19/envelope/?sentry_key=4bdf9b9561fa4f119530c05555ba29a7&sentry_version=7:0
[  301286ms] [ERROR] Failed to load resource: the server responded with a status of 403 () @ https://qmas.qmai.cn/api/19/envelope/?sentry_key=4bdf9b9561fa4f119530c05555ba29a7&sentry_version=7:0
[  315888ms] [LOG] {default: Array(1)} ----------- 解冻时长： @ https://rscdn.qmai.cn/console/js/chunk-vendors.a9d9940a.js:3
[  355387ms] [LOG] {default: Array(1)} ----------- 采购单位： @ https://rscdn.qmai.cn/console/js/chunk-vendors.a9d9940a.js:3
[  355387ms] [LOG] {default: Array(1)} ----------- 订货单位： @ https://rscdn.qmai.cn/console/js/chunk-vendors.a9d9940a.js:3
[  355388ms] [LOG] {default: Array(1)} ----------- 消耗单位： @ https://rscdn.qmai.cn/console/js/chunk-vendors.a9d9940a.js:3
[  378656ms] [ERROR] Failed to load resource: the server responded with a status of 403 () @ https://qmas.qmai.cn/api/19/envelope/?sentry_key=4bdf9b9561fa4f119530c05555ba29a7&sentry_version=7:0
[  384674ms] [LOG] {default: Array(1)} ----------- 品项编码： @ https://rscdn.qmai.cn/console/js/chunk-vendors.a9d9940a.js:3
[  384676ms] [LOG] {default: Array(1)} ----------- 品项名称： @ https://rscdn.qmai.cn/console/js/chunk-vendors.a9d9940a.js:3
[  384676ms] [LOG] {default: Array(1)} ----------- 品项类别： @ https://rscdn.qmai.cn/console/js/chunk-vendors.a9d9940a.js:3
[  384676ms] [LOG] {label: Array(2), default: Array(1)} ----------- 品项标识： @ https://rscdn.qmai.cn/console/js/chunk-vendors.a9d9940a.js:3
[  384676ms] [LOG] {default: Array(1)} ----------- 品项属性： @ https://rscdn.qmai.cn/console/js/chunk-vendors.a9d9940a.js:3
[  384676ms] [LOG] {default: Array(1)} ----------- 规格： @ https://rscdn.qmai.cn/console/js/chunk-vendors.a9d9940a.js:3
[  384676ms] [LOG] {default: Array(1)} ----------- 品牌： @ https://rscdn.qmai.cn/console/js/chunk-vendors.a9d9940a.js:3
[  384676ms] [LOG] {default: Array(1)} ----------- 助记码： @ https://rscdn.qmai.cn/console/js/chunk-vendors.a9d9940a.js:3
[  384676ms] [LOG] {default: Array(2)} ----------- 品项主图： @ https://rscdn.qmai.cn/console/js/chunk-vendors.a9d9940a.js:3
[  384676ms] [LOG] {label: Array(2), default: Array(1)} ----------- 是否称重： @ https://rscdn.qmai.cn/console/js/chunk-vendors.a9d9940a.js:3
[  384677ms] [LOG] {label: Array(2), default: Array(1)} ----------- 研发物料： @ https://rscdn.qmai.cn/console/js/chunk-vendors.a9d9940a.js:3
[  384677ms] [LOG] {label: Array(2), default: Array(1)} ----------- undefined @ https://rscdn.qmai.cn/console/js/chunk-vendors.a9d9940a.js:3
[  384677ms] [LOG] {default: Array(1)} ----------- 保质期： @ https://rscdn.qmai.cn/console/js/chunk-vendors.a9d9940a.js:3
[  384677ms] [LOG] {default: Array(1)} ----------- 存储方式： @ https://rscdn.qmai.cn/console/js/chunk-vendors.a9d9940a.js:3
[  384677ms] [LOG] {label: Array(2), default: Array(1)} ----------- 税 率： @ https://rscdn.qmai.cn/console/js/chunk-vendors.a9d9940a.js:3
[  384677ms] [LOG] {default: Array(1)} ----------- 产 地： @ https://rscdn.qmai.cn/console/js/chunk-vendors.a9d9940a.js:3
[  384677ms] [LOG] {label: Array(2), default: Array(1)} ----------- 条形码： @ https://rscdn.qmai.cn/console/js/chunk-vendors.a9d9940a.js:3
[  384677ms] [LOG] {label: Array(2), default: Array(1)} ----------- 订货条形码： @ https://rscdn.qmai.cn/console/js/chunk-vendors.a9d9940a.js:3
[  384677ms] [LOG] {label: Array(2), default: Array(1)} ----------- 统计科目： @ https://rscdn.qmai.cn/console/js/chunk-vendors.a9d9940a.js:3
[  384677ms] [LOG] {label: Array(2), default: Array(2)} ----------- undefined @ https://rscdn.qmai.cn/console/js/chunk-vendors.a9d9940a.js:3
[  384677ms] [LOG] {label: Array(2), default: Array(2)} ----------- undefined @ https://rscdn.qmai.cn/console/js/chunk-vendors.a9d9940a.js:3
[  384678ms] [LOG] {default: Array(2)} ----------- 库存单位： @ https://rscdn.qmai.cn/console/js/chunk-vendors.a9d9940a.js:3
[  384678ms] [LOG] {default: Array(1)} ----------- undefined @ https://rscdn.qmai.cn/console/js/chunk-vendors.a9d9940a.js:3
[  384678ms] [LOG] {default: Array(1)} ----------- 采购单价： @ https://rscdn.qmai.cn/console/js/chunk-vendors.a9d9940a.js:3
[  384678ms] [LOG] {default: Array(1)} ----------- 订货单价： @ https://rscdn.qmai.cn/console/js/chunk-vendors.a9d9940a.js:3
[  384678ms] [LOG] {default: Array(2)} ----------- 盘点类型： @ https://rscdn.qmai.cn/console/js/chunk-vendors.a9d9940a.js:3
[  384678ms] [LOG] {label: Array(2), default: Array(1)} ----------- 下单排序： @ https://rscdn.qmai.cn/console/js/chunk-vendors.a9d9940a.js:3
[  384678ms] [LOG] {label: Array(2), default: Array(1)} ----------- 库存上限： @ https://rscdn.qmai.cn/console/js/chunk-vendors.a9d9940a.js:3
[  384678ms] [LOG] {label: Array(2), default: Array(1)} ----------- 库存下限： @ https://rscdn.qmai.cn/console/js/chunk-vendors.a9d9940a.js:3
[  384679ms] [LOG] {default: Array(1)} ----------- 补货策略： @ https://rscdn.qmai.cn/console/js/chunk-vendors.a9d9940a.js:3
[  384679ms] [LOG] {label: Array(2), default: Array(1)} ----------- 开票税率： @ https://rscdn.qmai.cn/console/js/chunk-vendors.a9d9940a.js:3
[  384679ms] [LOG] {default: Array(2)} ----------- 品项详情主图： @ https://rscdn.qmai.cn/console/js/chunk-vendors.a9d9940a.js:3
[  384680ms] [LOG] {default: Array(2)} ----------- 品项说明： @ https://rscdn.qmai.cn/console/js/chunk-vendors.a9d9940a.js:3
[  384681ms] [LOG] {default: Array(2)} ----------- 品项详情底图： @ https://rscdn.qmai.cn/console/js/chunk-vendors.a9d9940a.js:3
[  384760ms] [ERROR] Failed to load resource: the server responded with a status of 403 () @ https://qmas.qmai.cn/api/19/envelope/?sentry_key=4bdf9b9561fa4f119530c05555ba29a7&sentry_version=7:0
[  384788ms] [ERROR] Failed to load resource: the server responded with a status of 403 () @ https://qmas.qmai.cn/api/19/envelope/?sentry_key=4bdf9b9561fa4f119530c05555ba29a7&sentry_version=7:0
[  399777ms] [ERROR] Failed to load resource: the server responded with a status of 403 () @ https://qmas.qmai.cn/api/19/envelope/?sentry_key=4bdf9b9561fa4f119530c05555ba29a7&sentry_version=7:0
[  440383ms] [LOG] {default: Array(1)} ----------- 解冻时长： @ https://rscdn.qmai.cn/console/js/chunk-vendors.a9d9940a.js:3
[  444296ms] [LOG] {default: Array(1)} ----------- 采购单位： @ https://rscdn.qmai.cn/console/js/chunk-vendors.a9d9940a.js:3
[  444297ms] [LOG] {default: Array(1)} ----------- 订货单位： @ https://rscdn.qmai.cn/console/js/chunk-vendors.a9d9940a.js:3
[  444297ms] [LOG] {default: Array(1)} ----------- 消耗单位： @ https://rscdn.qmai.cn/console/js/chunk-vendors.a9d9940a.js:3
[  468876ms] [ERROR] Failed to load resource: the server responded with a status of 403 () @ https://qmas.qmai.cn/api/19/envelope/?sentry_key=4bdf9b9561fa4f119530c05555ba29a7&sentry_version=7:0
[  471253ms] [LOG] {default: Array(1)} ----------- 品项编码： @ https://rscdn.qmai.cn/console/js/chunk-vendors.a9d9940a.js:3
[  471255ms] [LOG] {default: Array(1)} ----------- 品项名称： @ https://rscdn.qmai.cn/console/js/chunk-vendors.a9d9940a.js:3
[  471256ms] [LOG] {default: Array(1)} ----------- 品项类别： @ https://rscdn.qmai.cn/console/js/chunk-vendors.a9d9940a.js:3
[  471256ms] [LOG] {label: Array(2), default: Array(1)} ----------- 品项标识： @ https://rscdn.qmai.cn/console/js/chunk-vendors.a9d9940a.js:3
[  471256ms] [LOG] {default: Array(1)} ----------- 品项属性： @ https://rscdn.qmai.cn/console/js/chunk-vendors.a9d9940a.js:3
[  471256ms] [LOG] {default: Array(1)} ----------- 规格： @ https://rscdn.qmai.cn/console/js/chunk-vendors.a9d9940a.js:3
[  471256ms] [LOG] {default: Array(1)} ----------- 品牌： @ https://rscdn.qmai.cn/console/js/chunk-vendors.a9d9940a.js:3
[  471256ms] [LOG] {default: Array(1)} ----------- 助记码： @ https://rscdn.qmai.cn/console/js/chunk-vendors.a9d9940a.js:3
[  471256ms] [LOG] {default: Array(2)} ----------- 品项主图： @ https://rscdn.qmai.cn/console/js/chunk-vendors.a9d9940a.js:3
[  471256ms] [LOG] {label: Array(2), default: Array(1)} ----------- 是否称重： @ https://rscdn.qmai.cn/console/js/chunk-vendors.a9d9940a.js:3
[  471256ms] [LOG] {label: Array(2), default: Array(1)} ----------- 研发物料： @ https://rscdn.qmai.cn/console/js/chunk-vendors.a9d9940a.js:3
[  471256ms] [LOG] {label: Array(2), default: Array(1)} ----------- undefined @ https://rscdn.qmai.cn/console/js/chunk-vendors.a9d9940a.js:3
[  471257ms] [LOG] {default: Array(1)} ----------- 保质期： @ https://rscdn.qmai.cn/console/js/chunk-vendors.a9d9940a.js:3
[  471257ms] [LOG] {default: Array(1)} ----------- 存储方式： @ https://rscdn.qmai.cn/console/js/chunk-vendors.a9d9940a.js:3
[  471257ms] [LOG] {label: Array(2), default: Array(1)} ----------- 税 率： @ https://rscdn.qmai.cn/console/js/chunk-vendors.a9d9940a.js:3
[  471257ms] [LOG] {default: Array(1)} ----------- 产 地： @ https://rscdn.qmai.cn/console/js/chunk-vendors.a9d9940a.js:3
[  471257ms] [LOG] {label: Array(2), default: Array(1)} ----------- 条形码： @ https://rscdn.qmai.cn/console/js/chunk-vendors.a9d9940a.js:3
[  471257ms] [LOG] {label: Array(2), default: Array(1)} ----------- 订货条形码： @ https://rscdn.qmai.cn/console/js/chunk-vendors.a9d9940a.js:3
[  471257ms] [LOG] {label: Array(2), default: Array(1)} ----------- 统计科目： @ https://rscdn.qmai.cn/console/js/chunk-vendors.a9d9940a.js:3
[  471257ms] [LOG] {label: Array(2), default: Array(2)} ----------- undefined @ https://rscdn.qmai.cn/console/js/chunk-vendors.a9d9940a.js:3
[  471257ms] [LOG] {label: Array(2), default: Array(2)} ----------- undefined @ https://rscdn.qmai.cn/console/js/chunk-vendors.a9d9940a.js:3
[  471258ms] [LOG] {default: Array(2)} ----------- 库存单位： @ https://rscdn.qmai.cn/console/js/chunk-vendors.a9d9940a.js:3
[  471258ms] [LOG] {default: Array(1)} ----------- undefined @ https://rscdn.qmai.cn/console/js/chunk-vendors.a9d9940a.js:3
[  471258ms] [LOG] {default: Array(1)} ----------- 采购单价： @ https://rscdn.qmai.cn/console/js/chunk-vendors.a9d9940a.js:3
[  471258ms] [LOG] {default: Array(1)} ----------- 订货单价： @ https://rscdn.qmai.cn/console/js/chunk-vendors.a9d9940a.js:3
[  471258ms] [LOG] {default: Array(2)} ----------- 盘点类型： @ https://rscdn.qmai.cn/console/js/chunk-vendors.a9d9940a.js:3
[  471258ms] [LOG] {label: Array(2), default: Array(1)} ----------- 下单排序： @ https://rscdn.qmai.cn/console/js/chunk-vendors.a9d9940a.js:3
[  471258ms] [LOG] {label: Array(2), default: Array(1)} ----------- 库存上限： @ https://rscdn.qmai.cn/console/js/chunk-vendors.a9d9940a.js:3
[  471258ms] [LOG] {label: Array(2), default: Array(1)} ----------- 库存下限： @ https://rscdn.qmai.cn/console/js/chunk-vendors.a9d9940a.js:3
[  471259ms] [LOG] {default: Array(1)} ----------- 补货策略： @ https://rscdn.qmai.cn/console/js/chunk-vendors.a9d9940a.js:3
[  471259ms] [LOG] {label: Array(2), default: Array(1)} ----------- 开票税率： @ https://rscdn.qmai.cn/console/js/chunk-vendors.a9d9940a.js:3
[  471259ms] [LOG] {default: Array(2)} ----------- 品项详情主图： @ https://rscdn.qmai.cn/console/js/chunk-vendors.a9d9940a.js:3
[  471266ms] [LOG] {default: Array(2)} ----------- 品项说明： @ https://rscdn.qmai.cn/console/js/chunk-vendors.a9d9940a.js:3
[  471266ms] [LOG] {default: Array(2)} ----------- 品项详情底图： @ https://rscdn.qmai.cn/console/js/chunk-vendors.a9d9940a.js:3
[  471349ms] [ERROR] Failed to load resource: the server responded with a status of 403 () @ https://qmas.qmai.cn/api/19/envelope/?sentry_key=4bdf9b9561fa4f119530c05555ba29a7&sentry_version=7:0
[  471352ms] [ERROR] Failed to load resource: the server responded with a status of 403 () @ https://qmas.qmai.cn/api/19/envelope/?sentry_key=4bdf9b9561fa4f119530c05555ba29a7&sentry_version=7:0
[  486428ms] [ERROR] Failed to load resource: the server responded with a status of 403 () @ https://qmas.qmai.cn/api/19/envelope/?sentry_key=4bdf9b9561fa4f119530c05555ba29a7&sentry_version=7:0
[  487361ms] [LOG] {default: Array(1)} ----------- 解冻时长： @ https://rscdn.qmai.cn/console/js/chunk-vendors.a9d9940a.js:3
[  511729ms] [LOG] {default: Array(1)} ----------- 采购单位： @ https://rscdn.qmai.cn/console/js/chunk-vendors.a9d9940a.js:3
[  511729ms] [LOG] {default: Array(1)} ----------- 订货单位： @ https://rscdn.qmai.cn/console/js/chunk-vendors.a9d9940a.js:3
[  511729ms] [LOG] {default: Array(1)} ----------- 消耗单位： @ https://rscdn.qmai.cn/console/js/chunk-vendors.a9d9940a.js:3
[  539926ms] [ERROR] Failed to load resource: the server responded with a status of 403 () @ https://qmas.qmai.cn/api/19/envelope/?sentry_key=4bdf9b9561fa4f119530c05555ba29a7&sentry_version=7:0
[  551908ms] [ERROR] Failed to load resource: the server responded with a status of 403 () @ https://qmas.qmai.cn/api/19/envelope/?sentry_key=4bdf9b9561fa4f119530c05555ba29a7&sentry_version=7:0
[  551917ms] [ERROR] Failed to load resource: the server responded with a status of 403 () @ https://qmas.qmai.cn/api/19/envelope/?sentry_key=4bdf9b9561fa4f119530c05555ba29a7&sentry_version=7:0
[  566945ms] [ERROR] Failed to load resource: the server responded with a status of 403 () @ https://qmas.qmai.cn/api/19/envelope/?sentry_key=4bdf9b9561fa4f119530c05555ba29a7&sentry_version=7:0
[  592999ms] [ERROR] Failed to load resource: the server responded with a status of 403 () @ https://qmas.qmai.cn/api/19/envelope/?sentry_key=4bdf9b9561fa4f119530c05555ba29a7&sentry_version=7:0
[  597624ms] [LOG] {default: Array(1)} ----------- 品项编码： @ https://rscdn.qmai.cn/console/js/chunk-vendors.a9d9940a.js:3
[  597627ms] [LOG] {default: Array(1)} ----------- 品项名称： @ https://rscdn.qmai.cn/console/js/chunk-vendors.a9d9940a.js:3
[  597627ms] [LOG] {default: Array(1)} ----------- 品项类别： @ https://rscdn.qmai.cn/console/js/chunk-vendors.a9d9940a.js:3
[  597627ms] [LOG] {label: Array(2), default: Array(1)} ----------- 品项标识： @ https://rscdn.qmai.cn/console/js/chunk-vendors.a9d9940a.js:3
[  597627ms] [LOG] {default: Array(1)} ----------- 品项属性： @ https://rscdn.qmai.cn/console/js/chunk-vendors.a9d9940a.js:3
[  597627ms] [LOG] {default: Array(1)} ----------- 规格： @ https://rscdn.qmai.cn/console/js/chunk-vendors.a9d9940a.js:3
[  597627ms] [LOG] {default: Array(1)} ----------- 品牌： @ https://rscdn.qmai.cn/console/js/chunk-vendors.a9d9940a.js:3
[  597627ms] [LOG] {default: Array(1)} ----------- 助记码： @ https://rscdn.qmai.cn/console/js/chunk-vendors.a9d9940a.js:3
[  597627ms] [LOG] {default: Array(2)} ----------- 品项主图： @ https://rscdn.qmai.cn/console/js/chunk-vendors.a9d9940a.js:3
[  597627ms] [LOG] {label: Array(2), default: Array(1)} ----------- 是否称重： @ https://rscdn.qmai.cn/console/js/chunk-vendors.a9d9940a.js:3
[  597627ms] [LOG] {label: Array(2), default: Array(1)} ----------- 研发物料： @ https://rscdn.qmai.cn/console/js/chunk-vendors.a9d9940a.js:3
[  597628ms] [LOG] {label: Array(2), default: Array(1)} ----------- undefined @ https://rscdn.qmai.cn/console/js/chunk-vendors.a9d9940a.js:3
[  597628ms] [LOG] {default: Array(1)} ----------- 保质期： @ https://rscdn.qmai.cn/console/js/chunk-vendors.a9d9940a.js:3
[  597628ms] [LOG] {default: Array(1)} ----------- 存储方式： @ https://rscdn.qmai.cn/console/js/chunk-vendors.a9d9940a.js:3
[  597628ms] [LOG] {label: Array(2), default: Array(1)} ----------- 税 率： @ https://rscdn.qmai.cn/console/js/chunk-vendors.a9d9940a.js:3
[  597628ms] [LOG] {default: Array(1)} ----------- 产 地： @ https://rscdn.qmai.cn/console/js/chunk-vendors.a9d9940a.js:3
[  597628ms] [LOG] {label: Array(2), default: Array(1)} ----------- 条形码： @ https://rscdn.qmai.cn/console/js/chunk-vendors.a9d9940a.js:3
[  597628ms] [LOG] {label: Array(2), default: Array(1)} ----------- 订货条形码： @ https://rscdn.qmai.cn/console/js/chunk-vendors.a9d9940a.js:3
[  597628ms] [LOG] {label: Array(2), default: Array(1)} ----------- 统计科目： @ https://rscdn.qmai.cn/console/js/chunk-vendors.a9d9940a.js:3
[  597628ms] [LOG] {label: Array(2), default: Array(2)} ----------- undefined @ https://rscdn.qmai.cn/console/js/chunk-vendors.a9d9940a.js:3
[  597628ms] [LOG] {label: Array(2), default: Array(2)} ----------- undefined @ https://rscdn.qmai.cn/console/js/chunk-vendors.a9d9940a.js:3
[  597629ms] [LOG] {default: Array(2)} ----------- 库存单位： @ https://rscdn.qmai.cn/console/js/chunk-vendors.a9d9940a.js:3
[  597629ms] [LOG] {default: Array(1)} ----------- undefined @ https://rscdn.qmai.cn/console/js/chunk-vendors.a9d9940a.js:3
[  597629ms] [LOG] {default: Array(1)} ----------- 采购单价： @ https://rscdn.qmai.cn/console/js/chunk-vendors.a9d9940a.js:3
[  597629ms] [LOG] {default: Array(1)} ----------- 订货单价： @ https://rscdn.qmai.cn/console/js/chunk-vendors.a9d9940a.js:3
[  597629ms] [LOG] {default: Array(2)} ----------- 盘点类型： @ https://rscdn.qmai.cn/console/js/chunk-vendors.a9d9940a.js:3
[  597629ms] [LOG] {label: Array(2), default: Array(1)} ----------- 下单排序： @ https://rscdn.qmai.cn/console/js/chunk-vendors.a9d9940a.js:3
[  597629ms] [LOG] {label: Array(2), default: Array(1)} ----------- 库存上限： @ https://rscdn.qmai.cn/console/js/chunk-vendors.a9d9940a.js:3
[  597629ms] [LOG] {label: Array(2), default: Array(1)} ----------- 库存下限： @ https://rscdn.qmai.cn/console/js/chunk-vendors.a9d9940a.js:3
[  597629ms] [LOG] {default: Array(1)} ----------- 补货策略： @ https://rscdn.qmai.cn/console/js/chunk-vendors.a9d9940a.js:3
[  597629ms] [LOG] {label: Array(2), default: Array(1)} ----------- 开票税率： @ https://rscdn.qmai.cn/console/js/chunk-vendors.a9d9940a.js:3
[  597630ms] [LOG] {default: Array(2)} ----------- 品项详情主图： @ https://rscdn.qmai.cn/console/js/chunk-vendors.a9d9940a.js:3
[  597631ms] [LOG] {default: Array(2)} ----------- 品项说明： @ https://rscdn.qmai.cn/console/js/chunk-vendors.a9d9940a.js:3
[  597631ms] [LOG] {default: Array(2)} ----------- 品项详情底图： @ https://rscdn.qmai.cn/console/js/chunk-vendors.a9d9940a.js:3
[  597717ms] [ERROR] Failed to load resource: the server responded with a status of 403 () @ https://qmas.qmai.cn/api/19/envelope/?sentry_key=4bdf9b9561fa4f119530c05555ba29a7&sentry_version=7:0
[  597806ms] [ERROR] Failed to load resource: the server responded with a status of 403 () @ https://qmas.qmai.cn/api/19/envelope/?sentry_key=4bdf9b9561fa4f119530c05555ba29a7&sentry_version=7:0
[  598036ms] [LOG] {default: Array(1)} ----------- 解冻时长： @ https://rscdn.qmai.cn/console/js/chunk-vendors.a9d9940a.js:3
[  598053ms] [LOG] {default: Array(1)} ----------- 采购单位： @ https://rscdn.qmai.cn/console/js/chunk-vendors.a9d9940a.js:3
[  598053ms] [LOG] {default: Array(1)} ----------- 订货单位： @ https://rscdn.qmai.cn/console/js/chunk-vendors.a9d9940a.js:3
[  598054ms] [LOG] {default: Array(1)} ----------- 消耗单位： @ https://rscdn.qmai.cn/console/js/chunk-vendors.a9d9940a.js:3
[  612699ms] [ERROR] Failed to load resource: the server responded with a status of 403 () @ https://qmas.qmai.cn/api/19/envelope/?sentry_key=4bdf9b9561fa4f119530c05555ba29a7&sentry_version=7:0
[  615080ms] [ERROR] Failed to load resource: the server responded with a status of 403 () @ https://qmas.qmai.cn/api/19/envelope/?sentry_key=4bdf9b9561fa4f119530c05555ba29a7&sentry_version=7:0
[  617951ms] [LOG] {default: Array(1)} ----------- 品项编码： @ https://rscdn.qmai.cn/console/js/chunk-vendors.a9d9940a.js:3
[  617953ms] [LOG] {default: Array(1)} ----------- 品项名称： @ https://rscdn.qmai.cn/console/js/chunk-vendors.a9d9940a.js:3
[  617953ms] [LOG] {default: Array(1)} ----------- 品项类别： @ https://rscdn.qmai.cn/console/js/chunk-vendors.a9d9940a.js:3
[  617953ms] [LOG] {label: Array(2), default: Array(1)} ----------- 品项标识： @ https://rscdn.qmai.cn/console/js/chunk-vendors.a9d9940a.js:3
[  617954ms] [LOG] {default: Array(1)} ----------- 品项属性： @ https://rscdn.qmai.cn/console/js/chunk-vendors.a9d9940a.js:3
[  617954ms] [LOG] {default: Array(1)} ----------- 规格： @ https://rscdn.qmai.cn/console/js/chunk-vendors.a9d9940a.js:3
[  617954ms] [LOG] {default: Array(1)} ----------- 品牌： @ https://rscdn.qmai.cn/console/js/chunk-vendors.a9d9940a.js:3
[  617954ms] [LOG] {default: Array(1)} ----------- 助记码： @ https://rscdn.qmai.cn/console/js/chunk-vendors.a9d9940a.js:3
[  617954ms] [LOG] {default: Array(2)} ----------- 品项主图： @ https://rscdn.qmai.cn/console/js/chunk-vendors.a9d9940a.js:3
[  617954ms] [LOG] {label: Array(2), default: Array(1)} ----------- 是否称重： @ https://rscdn.qmai.cn/console/js/chunk-vendors.a9d9940a.js:3
[  617954ms] [LOG] {label: Array(2), default: Array(1)} ----------- 研发物料： @ https://rscdn.qmai.cn/console/js/chunk-vendors.a9d9940a.js:3
[  617954ms] [LOG] {label: Array(2), default: Array(1)} ----------- undefined @ https://rscdn.qmai.cn/console/js/chunk-vendors.a9d9940a.js:3
[  617954ms] [LOG] {default: Array(1)} ----------- 保质期： @ https://rscdn.qmai.cn/console/js/chunk-vendors.a9d9940a.js:3
[  617954ms] [LOG] {default: Array(1)} ----------- 存储方式： @ https://rscdn.qmai.cn/console/js/chunk-vendors.a9d9940a.js:3
[  617954ms] [LOG] {label: Array(2), default: Array(1)} ----------- 税 率： @ https://rscdn.qmai.cn/console/js/chunk-vendors.a9d9940a.js:3
[  617954ms] [LOG] {default: Array(1)} ----------- 产 地： @ https://rscdn.qmai.cn/console/js/chunk-vendors.a9d9940a.js:3
[  617954ms] [LOG] {label: Array(2), default: Array(1)} ----------- 条形码： @ https://rscdn.qmai.cn/console/js/chunk-vendors.a9d9940a.js:3
[  617954ms] [LOG] {label: Array(2), default: Array(1)} ----------- 订货条形码： @ https://rscdn.qmai.cn/console/js/chunk-vendors.a9d9940a.js:3
[  617955ms] [LOG] {label: Array(2), default: Array(1)} ----------- 统计科目： @ https://rscdn.qmai.cn/console/js/chunk-vendors.a9d9940a.js:3
[  617955ms] [LOG] {label: Array(2), default: Array(2)} ----------- undefined @ https://rscdn.qmai.cn/console/js/chunk-vendors.a9d9940a.js:3
[  617955ms] [LOG] {label: Array(2), default: Array(2)} ----------- undefined @ https://rscdn.qmai.cn/console/js/chunk-vendors.a9d9940a.js:3
[  617955ms] [LOG] {default: Array(2)} ----------- 库存单位： @ https://rscdn.qmai.cn/console/js/chunk-vendors.a9d9940a.js:3
[  617955ms] [LOG] {default: Array(1)} ----------- undefined @ https://rscdn.qmai.cn/console/js/chunk-vendors.a9d9940a.js:3
[  617955ms] [LOG] {default: Array(1)} ----------- 采购单价： @ https://rscdn.qmai.cn/console/js/chunk-vendors.a9d9940a.js:3
[  617955ms] [LOG] {default: Array(1)} ----------- 订货单价： @ https://rscdn.qmai.cn/console/js/chunk-vendors.a9d9940a.js:3
[  617955ms] [LOG] {default: Array(2)} ----------- 盘点类型： @ https://rscdn.qmai.cn/console/js/chunk-vendors.a9d9940a.js:3
[  617956ms] [LOG] {label: Array(2), default: Array(1)} ----------- 下单排序： @ https://rscdn.qmai.cn/console/js/chunk-vendors.a9d9940a.js:3
[  617956ms] [LOG] {label: Array(2), default: Array(1)} ----------- 库存上限： @ https://rscdn.qmai.cn/console/js/chunk-vendors.a9d9940a.js:3
[  617956ms] [LOG] {label: Array(2), default: Array(1)} ----------- 库存下限： @ https://rscdn.qmai.cn/console/js/chunk-vendors.a9d9940a.js:3
[  617956ms] [LOG] {default: Array(1)} ----------- 补货策略： @ https://rscdn.qmai.cn/console/js/chunk-vendors.a9d9940a.js:3
[  617956ms] [LOG] {label: Array(2), default: Array(1)} ----------- 开票税率： @ https://rscdn.qmai.cn/console/js/chunk-vendors.a9d9940a.js:3
[  617956ms] [LOG] {default: Array(2)} ----------- 品项详情主图： @ https://rscdn.qmai.cn/console/js/chunk-vendors.a9d9940a.js:3
[  617958ms] [LOG] {default: Array(2)} ----------- 品项说明： @ https://rscdn.qmai.cn/console/js/chunk-vendors.a9d9940a.js:3
[  617958ms] [LOG] {default: Array(2)} ----------- 品项详情底图： @ https://rscdn.qmai.cn/console/js/chunk-vendors.a9d9940a.js:3
[  618388ms] [ERROR] Failed to load resource: the server responded with a status of 403 () @ https://qmas.qmai.cn/api/19/envelope/?sentry_key=4bdf9b9561fa4f119530c05555ba29a7&sentry_version=7:0
[  618490ms] [ERROR] Failed to load resource: the server responded with a status of 403 () @ https://qmas.qmai.cn/api/19/envelope/?sentry_key=4bdf9b9561fa4f119530c05555ba29a7&sentry_version=7:0
[  618872ms] [LOG] {default: Array(1)} ----------- 解冻时长： @ https://rscdn.qmai.cn/console/js/chunk-vendors.a9d9940a.js:3
[  618889ms] [LOG] {default: Array(1)} ----------- 采购单位： @ https://rscdn.qmai.cn/console/js/chunk-vendors.a9d9940a.js:3
[  618889ms] [LOG] {default: Array(1)} ----------- 订货单位： @ https://rscdn.qmai.cn/console/js/chunk-vendors.a9d9940a.js:3
[  618890ms] [LOG] {default: Array(1)} ----------- 消耗单位： @ https://rscdn.qmai.cn/console/js/chunk-vendors.a9d9940a.js:3
[  632191ms] [ERROR] Failed to load resource: the server responded with a status of 403 () @ https://qmas.qmai.cn/api/19/envelope/?sentry_key=4bdf9b9561fa4f119530c05555ba29a7&sentry_version=7:0
[  632192ms] [ERROR] Failed to load resource: the server responded with a status of 403 () @ https://qmas.qmai.cn/api/19/envelope/?sentry_key=4bdf9b9561fa4f119530c05555ba29a7&sentry_version=7:0
[  639657ms] [ERROR] Failed to load resource: the server responded with a status of 403 () @ https://qmas.qmai.cn/api/19/envelope/?sentry_key=4bdf9b9561fa4f119530c05555ba29a7&sentry_version=7:0
[  639729ms] [ERROR] Failed to load resource: the server responded with a status of 403 () @ https://qmas.qmai.cn/api/19/envelope/?sentry_key=4bdf9b9561fa4f119530c05555ba29a7&sentry_version=7:0
[  654472ms] [ERROR] Failed to load resource: the server responded with a status of 403 () @ https://qmas.qmai.cn/api/19/envelope/?sentry_key=4bdf9b9561fa4f119530c05555ba29a7&sentry_version=7:0
[ 1367893ms] [ERROR] Failed to load resource: net::ERR_CONNECTION_CLOSED @ https://logger.qmai.cn/record.do:0
[ 1367896ms] Uncaught (in promise) Error: Network Error
    at e.exports (https://rscdn.qmai.cn/npm-packages/axios/0.26.1/axios.min.js:0:8710)
    at g.onerror (https://rscdn.qmai.cn/npm-packages/axios/0.26.1/axios.min.js:0:7531)
    at o (https://rscdn.qmai.cn/console/js/chunk-vendors.a9d9940a.js:67:247994)
[ 1368194ms] [ERROR] Failed to load resource: net::ERR_CONNECTION_CLOSED @ https://logger.qmai.cn/record.do:0
[ 1368196ms] Uncaught (in promise) Error: Network Error
    at e.exports (https://rscdn.qmai.cn/npm-packages/axios/0.26.1/axios.min.js:0:8710)
    at g.onerror (https://rscdn.qmai.cn/npm-packages/axios/0.26.1/axios.min.js:0:7531)
    at o (https://rscdn.qmai.cn/console/js/chunk-vendors.a9d9940a.js:67:247994)
[ 5156762ms] [ERROR] Failed to load resource: net::ERR_INTERNET_DISCONNECTED @ https://logger.qmai.cn/record.do:0
[ 5156763ms] [ERROR] Failed to load resource: net::ERR_INTERNET_DISCONNECTED @ https://inapi.qmai.cn/gw/connector-center/msg/v1/msg-unread-num:0
[ 5156765ms] Uncaught (in promise) Error: Network Error
    at e.exports (https://rscdn.qmai.cn/npm-packages/axios/0.26.1/axios.min.js:0:8710)
    at g.onerror (https://rscdn.qmai.cn/npm-packages/axios/0.26.1/axios.min.js:0:7531)
    at o (https://rscdn.qmai.cn/console/js/chunk-vendors.a9d9940a.js:67:247994)
[ 5156765ms] Uncaught (in promise) Error: 网络异常，请检查网络后再试
    at e.exports (https://rscdn.qmai.cn/npm-packages/axios/0.26.1/axios.min.js:0:8710)
    at g.onerror (https://rscdn.qmai.cn/npm-packages/axios/0.26.1/axios.min.js:0:7531)
    at o (https://rscdn.qmai.cn/console/js/chunk-vendors.a9d9940a.js:67:247994)
[ 5156776ms] [ERROR] Failed to load resource: net::ERR_INTERNET_DISCONNECTED @ https://inapi.qmai.cn/gw/org-center/user/check-is-login:0
[ 5156776ms] [ERROR] Failed to load resource: net::ERR_INTERNET_DISCONNECTED @ https://logger.qmai.cn/record.do:0
[ 5156784ms] Uncaught (in promise) Error: 网络异常，请检查网络后再试
    at e.exports (https://rscdn.qmai.cn/npm-packages/axios/0.26.1/axios.min.js:0:8710)
    at g.onerror (https://rscdn.qmai.cn/npm-packages/axios/0.26.1/axios.min.js:0:7531)
    at o (https://rscdn.qmai.cn/console/js/chunk-vendors.a9d9940a.js:67:247994)
[ 5156784ms] Uncaught (in promise) Error: Network Error
    at e.exports (https://rscdn.qmai.cn/npm-packages/axios/0.26.1/axios.min.js:0:8710)
    at g.onerror (https://rscdn.qmai.cn/npm-packages/axios/0.26.1/axios.min.js:0:7531)
    at o (https://rscdn.qmai.cn/console/js/chunk-vendors.a9d9940a.js:67:247994)
[ 7068016ms] [ERROR] Failed to load resource: net::ERR_INTERNET_DISCONNECTED @ https://inapi.qmai.cn/gw/org-center/user/check-is-login:0
[ 7068017ms] [ERROR] Failed to load resource: net::ERR_INTERNET_DISCONNECTED @ https://logger.qmai.cn/record.do:0
[ 7068017ms] Uncaught (in promise) Error: 网络异常，请检查网络后再试
    at e.exports (https://rscdn.qmai.cn/npm-packages/axios/0.26.1/axios.min.js:0:8710)
    at g.onerror (https://rscdn.qmai.cn/npm-packages/axios/0.26.1/axios.min.js:0:7531)
    at o (https://rscdn.qmai.cn/console/js/chunk-vendors.a9d9940a.js:67:247994)
[ 7068017ms] Uncaught (in promise) Error: Network Error
    at e.exports (https://rscdn.qmai.cn/npm-packages/axios/0.26.1/axios.min.js:0:8710)
    at g.onerror (https://rscdn.qmai.cn/npm-packages/axios/0.26.1/axios.min.js:0:7531)
    at o (https://rscdn.qmai.cn/console/js/chunk-vendors.a9d9940a.js:67:247994)
[12009924ms] [ERROR] Failed to load resource: net::ERR_INTERNET_DISCONNECTED @ https://logger.qmai.cn/record.do:0
[12009926ms] Uncaught (in promise) Error: Network Error
    at e.exports (https://rscdn.qmai.cn/npm-packages/axios/0.26.1/axios.min.js:0:8710)
    at g.onerror (https://rscdn.qmai.cn/npm-packages/axios/0.26.1/axios.min.js:0:7531)
    at o (https://rscdn.qmai.cn/console/js/chunk-vendors.a9d9940a.js:67:247994)
[12009927ms] [ERROR] Failed to load resource: net::ERR_INTERNET_DISCONNECTED @ https://inapi.qmai.cn/gw/connector-center/msg/v1/msg-unread-num:0
[12009927ms] Uncaught (in promise) Error: 网络异常，请检查网络后再试
    at e.exports (https://rscdn.qmai.cn/npm-packages/axios/0.26.1/axios.min.js:0:8710)
    at g.onerror (https://rscdn.qmai.cn/npm-packages/axios/0.26.1/axios.min.js:0:7531)
    at o (https://rscdn.qmai.cn/console/js/chunk-vendors.a9d9940a.js:67:247994)
[12009929ms] [ERROR] Failed to load resource: net::ERR_INTERNET_DISCONNECTED @ https://inapi.qmai.cn/gw/org-center/user/check-is-login:0
[12009929ms] [ERROR] Failed to load resource: net::ERR_INTERNET_DISCONNECTED @ https://logger.qmai.cn/record.do:0
[12009930ms] Uncaught (in promise) Error: 网络异常，请检查网络后再试
    at e.exports (https://rscdn.qmai.cn/npm-packages/axios/0.26.1/axios.min.js:0:8710)
    at g.onerror (https://rscdn.qmai.cn/npm-packages/axios/0.26.1/axios.min.js:0:7531)
    at o (https://rscdn.qmai.cn/console/js/chunk-vendors.a9d9940a.js:67:247994)
[12009930ms] Uncaught (in promise) Error: Network Error
    at e.exports (https://rscdn.qmai.cn/npm-packages/axios/0.26.1/axios.min.js:0:8710)
    at g.onerror (https://rscdn.qmai.cn/npm-packages/axios/0.26.1/axios.min.js:0:7531)
    at o (https://rscdn.qmai.cn/console/js/chunk-vendors.a9d9940a.js:67:247994)
[12014424ms] [ERROR] Failed to load resource: net::ERR_NETWORK_CHANGED @ https://console.qmai.cn/favicon.ico?_weak_network_probe=1782650677823:0
