[      60ms] [WARNING] <meta name="apple-mobile-web-app-capable" content="yes"> is deprecated. Please include <meta name="mobile-web-app-capable" content="yes"> @ http://localhost:57182/production/runs:0
[      61ms] [WARNING] Error while trying to use the following icon from the Manifest: http://localhost:57182/static/icons/icon-192.png (Download error or resource isn't a valid image) @ http://localhost:57182/production/runs:0
[   15672ms] [WARNING] <meta name="apple-mobile-web-app-capable" content="yes"> is deprecated. Please include <meta name="mobile-web-app-capable" content="yes"> @ http://localhost:57182/production/runs?scope=7d&date=:0
[   15674ms] [WARNING] Error while trying to use the following icon from the Manifest: http://localhost:57182/static/icons/icon-192.png (Download error or resource isn't a valid image) @ http://localhost:57182/production/runs?scope=7d&date=:0
[   66404ms] [WARNING] <meta name="apple-mobile-web-app-capable" content="yes"> is deprecated. Please include <meta name="mobile-web-app-capable" content="yes"> @ http://localhost:57182/land:0
[   66406ms] [WARNING] Error while trying to use the following icon from the Manifest: http://localhost:57182/static/icons/icon-192.png (Download error or resource isn't a valid image) @ http://localhost:57182/land:0
[   67403ms] [WARNING] <meta name="apple-mobile-web-app-capable" content="yes"> is deprecated. Please include <meta name="mobile-web-app-capable" content="yes"> @ http://localhost:57182/items:0
[   67404ms] [WARNING] Error while trying to use the following icon from the Manifest: http://localhost:57182/static/icons/icon-192.png (Download error or resource isn't a valid image) @ http://localhost:57182/items:0
[   71613ms] [WARNING] <meta name="apple-mobile-web-app-capable" content="yes"> is deprecated. Please include <meta name="mobile-web-app-capable" content="yes"> @ http://localhost:57182/restock:0
[   71614ms] [WARNING] Error while trying to use the following icon from the Manifest: http://localhost:57182/static/icons/icon-192.png (Download error or resource isn't a valid image) @ http://localhost:57182/restock:0
[   74062ms] [WARNING] <meta name="apple-mobile-web-app-capable" content="yes"> is deprecated. Please include <meta name="mobile-web-app-capable" content="yes"> @ http://localhost:57182/adjustment:0
[   74063ms] [WARNING] Error while trying to use the following icon from the Manifest: http://localhost:57182/static/icons/icon-192.png (Download error or resource isn't a valid image) @ http://localhost:57182/adjustment:0
[   77422ms] [WARNING] <meta name="apple-mobile-web-app-capable" content="yes"> is deprecated. Please include <meta name="mobile-web-app-capable" content="yes"> @ http://localhost:57182/outbound:0
[   77423ms] [WARNING] Error while trying to use the following icon from the Manifest: http://localhost:57182/static/icons/icon-192.png (Download error or resource isn't a valid image) @ http://localhost:57182/outbound:0
[   80531ms] [WARNING] <meta name="apple-mobile-web-app-capable" content="yes"> is deprecated. Please include <meta name="mobile-web-app-capable" content="yes"> @ http://localhost:57182/production:0
[   80532ms] [WARNING] Error while trying to use the following icon from the Manifest: http://localhost:57182/static/icons/icon-192.png (Download error or resource isn't a valid image) @ http://localhost:57182/production:0
[   83667ms] [WARNING] <meta name="apple-mobile-web-app-capable" content="yes"> is deprecated. Please include <meta name="mobile-web-app-capable" content="yes"> @ http://localhost:57182/land:0
[   83668ms] [WARNING] Error while trying to use the following icon from the Manifest: http://localhost:57182/static/icons/icon-192.png (Download error or resource isn't a valid image) @ http://localhost:57182/land:0
[  200349ms] [WARNING] <meta name="apple-mobile-web-app-capable" content="yes"> is deprecated. Please include <meta name="mobile-web-app-capable" content="yes"> @ http://localhost:57182/select-warehouse:0
[  200352ms] [WARNING] Error while trying to use the following icon from the Manifest: http://localhost:57182/static/icons/icon-192.png (Download error or resource isn't a valid image) @ http://localhost:57182/select-warehouse:0
[  203508ms] [WARNING] <meta name="apple-mobile-web-app-capable" content="yes"> is deprecated. Please include <meta name="mobile-web-app-capable" content="yes"> @ http://localhost:57182/land:0
[  203528ms] [WARNING] Error while trying to use the following icon from the Manifest: http://localhost:57182/static/icons/icon-192.png (Download error or resource isn't a valid image) @ http://localhost:57182/land:0
[  205808ms] [WARNING] <meta name="apple-mobile-web-app-capable" content="yes"> is deprecated. Please include <meta name="mobile-web-app-capable" content="yes"> @ http://localhost:57182/items:0
[  205809ms] [WARNING] Error while trying to use the following icon from the Manifest: http://localhost:57182/static/icons/icon-192.png (Download error or resource isn't a valid image) @ http://localhost:57182/items:0
[  207478ms] [WARNING] <meta name="apple-mobile-web-app-capable" content="yes"> is deprecated. Please include <meta name="mobile-web-app-capable" content="yes"> @ http://localhost:57182/restock:0
[  207479ms] [WARNING] Error while trying to use the following icon from the Manifest: http://localhost:57182/static/icons/icon-192.png (Download error or resource isn't a valid image) @ http://localhost:57182/restock:0
[  209478ms] [WARNING] <meta name="apple-mobile-web-app-capable" content="yes"> is deprecated. Please include <meta name="mobile-web-app-capable" content="yes"> @ http://localhost:57182/adjustment:0
[  209478ms] [WARNING] Error while trying to use the following icon from the Manifest: http://localhost:57182/static/icons/icon-192.png (Download error or resource isn't a valid image) @ http://localhost:57182/adjustment:0
[  210365ms] [WARNING] <meta name="apple-mobile-web-app-capable" content="yes"> is deprecated. Please include <meta name="mobile-web-app-capable" content="yes"> @ http://localhost:57182/outbound:0
[  210365ms] [WARNING] Error while trying to use the following icon from the Manifest: http://localhost:57182/static/icons/icon-192.png (Download error or resource isn't a valid image) @ http://localhost:57182/outbound:0
[  211602ms] [WARNING] <meta name="apple-mobile-web-app-capable" content="yes"> is deprecated. Please include <meta name="mobile-web-app-capable" content="yes"> @ http://localhost:57182/production:0
[  211603ms] [WARNING] Error while trying to use the following icon from the Manifest: http://localhost:57182/static/icons/icon-192.png (Download error or resource isn't a valid image) @ http://localhost:57182/production:0
